#! /usr/bin/vvp
:ivl_version "0.9.7 " "(v0_9_7)";
:vpi_time_precision - 11;
:vpi_module "system";
:vpi_module "v2005_math";
:vpi_module "va_math";
S_0x11d47e0 .scope module, "testfixture1" "testfixture1" 2 8;
 .timescale -9 -11;
P_0x11dc348 .param/l "bit_size" 2 10, +C4<0100000>;
P_0x11dc370 .param/l "mem_size" 2 11, +C4<010000>;
v0x12129c0_0 .net "DM_Address", 15 0, L_0x121f3c0; 1 drivers
v0x1219890_0 .net "DM_Read_Data", 31 0, L_0x121a3d0; 1 drivers
v0x1219960_0 .net "DM_Write_Data", 31 0, L_0x121eec0; 1 drivers
v0x1219a30_0 .net "DM_enable", 0 0, L_0x121ef20; 1 drivers
v0x1219b00_0 .net "IM_Address", 15 0, L_0x121ad30; 1 drivers
v0x1219bd0_0 .net "Instruction", 31 0, L_0x1219ea0; 1 drivers
v0x1219ca0_0 .var "clk", 0 0;
v0x1219d20_0 .var "err_I", 0 0;
v0x1219da0_0 .var "err_J", 0 0;
v0x1219e20_0 .var "err_R", 0 0;
v0x1219f00 .array "golden_DM", 99 0, 31 0;
v0x1219f80_0 .var/i "i", 31 0;
v0x121a090_0 .var "rst", 0 0;
v0x121a110_0 .var "start_J", 0 0;
E_0x11e04e0 .event edge, v0x1215580_0;
E_0x11e2780 .event edge, v0x121a110_0;
S_0x1219130 .scope module, "IM1" "IM" 2 28, 3 3, S_0x11d47e0;
 .timescale 0 0;
P_0x1219228 .param/l "bit_size" 3 8, +C4<0100000>;
P_0x1219250 .param/l "mem_size" 3 9, +C4<010000>;
L_0x1219ea0 .functor BUFZ 32, L_0x121a230, C4<00000000000000000000000000000000>, C4<00000000000000000000000000000000>, C4<00000000000000000000000000000000>;
v0x1219300_0 .alias "IM_Address", 15 0, v0x1219b00_0;
v0x1219380 .array "IM_data", 65535 0, 31 0;
v0x1219400_0 .alias "Instruction", 31 0, v0x1219bd0_0;
v0x12194b0_0 .net *"_s0", 31 0, L_0x121a230; 1 drivers
v0x1219560_0 .net "clk", 0 0, v0x1219ca0_0; 1 drivers
v0x12128b0_0 .net "rst", 0 0, v0x121a090_0; 1 drivers
L_0x121a230 .array/port v0x1219380, L_0x121ad30;
S_0x12184b0 .scope module, "DM1" "DM" 2 35, 4 3, S_0x11d47e0;
 .timescale 0 0;
P_0x1217e38 .param/l "bit_size" 4 10, +C4<0100000>;
P_0x1217e60 .param/l "mem_size" 4 11, +C4<010000>;
L_0x121a3d0 .functor BUFZ 32, L_0x121a310, C4<00000000000000000000000000000000>, C4<00000000000000000000000000000000>, C4<00000000000000000000000000000000>;
v0x1218650_0 .alias "DM_Address", 15 0, v0x12129c0_0;
v0x1218720_0 .alias "DM_Read_Data", 31 0, v0x1219890_0;
v0x1218db0_0 .alias "DM_Write_Data", 31 0, v0x1219960_0;
v0x1218e30 .array "DM_data", 65535 0, 31 0;
v0x1218eb0_0 .alias "DM_enable", 0 0, v0x1219a30_0;
v0x1218f30_0 .net *"_s0", 31 0, L_0x121a310; 1 drivers
v0x1218fb0_0 .alias "clk", 0 0, v0x1219560_0;
v0x1219030_0 .var/i "i", 31 0;
v0x12190b0_0 .alias "rst", 0 0, v0x12128b0_0;
E_0x12185e0 .event posedge, v0x120d450_0, v0x120d3d0_0;
L_0x121a310 .array/port v0x1218e30, L_0x121f3c0;
S_0x11d2df0 .scope module, "top1" "top" 2 44, 5 3, S_0x11d47e0;
 .timescale -9 -11;
P_0x11e09e8 .param/l "data_size" 5 14, +C4<0100000>;
P_0x11e0a10 .param/l "mem_size" 5 15, +C4<010000>;
L_0x121d840 .functor BUFZ 18, L_0x121b150, C4<000000000000000000>, C4<000000000000000000>, C4<000000000000000000>;
L_0x121d940 .functor BUFZ 32, L_0x1219ea0, C4<00000000000000000000000000000000>, C4<00000000000000000000000000000000>, C4<00000000000000000000000000000000>;
L_0x121d610 .functor BUFZ 1, v0x12116a0_0, C4<0>, C4<0>, C4<0>;
L_0x121db20 .functor BUFZ 4, v0x1211520_0, C4<0000>, C4<0000>, C4<0000>;
L_0x121e360 .functor BUFZ 32, L_0x121a560, C4<00000000000000000000000000000000>, C4<00000000000000000000000000000000>, C4<00000000000000000000000000000000>;
L_0x121e410 .functor BUFZ 32, L_0x121a700, C4<00000000000000000000000000000000>, C4<00000000000000000000000000000000>, C4<00000000000000000000000000000000>;
L_0x121e1a0 .functor BUFZ 32, L_0x121bf90, C4<00000000000000000000000000000000>, C4<00000000000000000000000000000000>, C4<00000000000000000000000000000000>;
L_0x121e2a0 .functor BUFZ 5, L_0x121d470, C4<00000>, C4<00000>, C4<00000>;
L_0x121f1b0 .functor BUFZ 32, v0x120e860_0, C4<00000000000000000000000000000000>, C4<00000000000000000000000000000000>, C4<00000000000000000000000000000000>;
L_0x121f260 .functor BUFZ 18, L_0x121b5b0, C4<000000000000000000>, C4<000000000000000000>, C4<000000000000000000>;
L_0x121eec0 .functor BUFZ 32, L_0x121ef80, C4<00000000000000000000000000000000>, C4<00000000000000000000000000000000>, C4<00000000000000000000000000000000>;
L_0x121ef20 .functor BUFZ 1, v0x120e030_0, C4<0>, C4<0>, C4<0>;
L_0x121f360 .functor BUFZ 32, L_0x121f750, C4<00000000000000000000000000000000>, C4<00000000000000000000000000000000>, C4<00000000000000000000000000000000>;
L_0x121f930 .functor BUFZ 32, L_0x121fa10, C4<00000000000000000000000000000000>, C4<00000000000000000000000000000000>, C4<00000000000000000000000000000000>;
L_0x121ff30 .functor BUFZ 5, v0x120d2c0_0, C4<00000>, C4<00000>, C4<00000>;
L_0x121ffe0 .functor BUFZ 32, L_0x121fdf0, C4<00000000000000000000000000000000>, C4<00000000000000000000000000000000>, C4<00000000000000000000000000000000>;
v0x1212e70_0 .net "ADD1", 17 0, L_0x121b150; 1 drivers
v0x1212f10_0 .net "ADD2", 17 0, L_0x121b5b0; 1 drivers
v0x1212fb0_0 .net "ADD3", 17 0, L_0x121bb00; 1 drivers
v0x1213050_0 .net "ALUOp", 3 0, v0x1211520_0; 1 drivers
v0x1213130_0 .net "ALU_result", 31 0, v0x120e860_0; 1 drivers
v0x12131e0_0 .alias "DM_Address", 15 0, v0x12129c0_0;
v0x12132a0_0 .alias "DM_Read_Data", 31 0, v0x1219890_0;
v0x1213320_0 .alias "DM_Write_Data", 31 0, v0x1219960_0;
v0x12133a0_0 .alias "DM_enable", 0 0, v0x1219a30_0;
v0x1213440_0 .net "EX_ALUOp", 3 0, v0x120f960_0; 1 drivers
v0x1213520_0 .net "EX_ALU_result", 31 0, L_0x121f1b0; 1 drivers
v0x12135a0_0 .net "EX_J_Mode", 2 0, v0x120f9e0_0; 1 drivers
v0x1213690_0 .net "EX_Jal", 0 0, v0x120fa90_0; 1 drivers
v0x1213760_0 .net "EX_JumpOP", 1 0, v0x120f680_0; 1 drivers
v0x12138b0_0 .net "EX_Lh", 0 0, v0x120fb40_0; 1 drivers
v0x1213980_0 .net "EX_MemWrite", 0 0, v0x120fc20_0; 1 drivers
v0x12137e0_0 .net "EX_MemtoReg", 0 0, v0x120fcd0_0; 1 drivers
v0x1213ae0_0 .net "EX_PC", 17 0, v0x120fde0_0; 1 drivers
v0x1213a00_0 .net "EX_PCplus8", 17 0, L_0x121f260; 1 drivers
v0x1213c00_0 .net "EX_RegWrite", 0 0, v0x120fe60_0; 1 drivers
v0x1213d30_0 .net "EX_Reg_imm", 0 0, v0x120ff30_0; 1 drivers
v0x1213db0_0 .net "EX_Rs", 4 0, v0x120ffb0_0; 1 drivers
v0x1213c80_0 .net "EX_Rs_data", 31 0, v0x1210090_0; 1 drivers
v0x1213ef0_0 .net "EX_Rt", 4 0, v0x1210110_0; 1 drivers
v0x1214040_0 .net "EX_Rt_data", 31 0, v0x12101c0_0; 1 drivers
v0x12140c0_0 .net "EX_Sh", 0 0, v0x1210240_0; 1 drivers
v0x1213f70_0 .net "EX_WR_out", 4 0, v0x1210370_0; 1 drivers
v0x1214220_0 .net "EX_imm", 15 0, v0x12103f0_0; 1 drivers
v0x1214140_0 .net "EX_se_imm", 31 0, v0x12102c0_0; 1 drivers
v0x1214390_0 .net "EX_shamt", 4 0, v0x1210500_0; 1 drivers
v0x12142a0_0 .net "ForwardA", 0 0, v0x120c580_0; 1 drivers
v0x1214510_0 .net "ForwardA_Out", 31 0, L_0x121e5b0; 1 drivers
v0x1214410_0 .net "ForwardB", 0 0, v0x120c620_0; 1 drivers
v0x1214490_0 .net "ForwardB_Out", 31 0, L_0x121eaf0; 1 drivers
v0x12146b0_0 .net "ForwardC", 0 0, v0x120c6d0_0; 1 drivers
v0x1214730_0 .net "ForwardC_Out", 31 0, L_0x121ea50; 1 drivers
v0x1214590_0 .net "ForwardD", 0 0, v0x120c770_0; 1 drivers
v0x1214610_0 .net "ForwardD_Out", 31 0, L_0x121ee20; 1 drivers
v0x12148f0_0 .net "ID_ALUOp", 3 0, L_0x121db20; 1 drivers
v0x1214970_0 .net "ID_Flush", 0 0, v0x120f070_0; 1 drivers
v0x12147b0_0 .net "ID_Jal", 0 0, L_0x121dd00; 1 drivers
v0x1214830_0 .net "ID_Lh", 0 0, L_0x121dda0; 1 drivers
v0x1214b50_0 .net "ID_MemWrite", 0 0, v0x12115a0_0; 1 drivers
v0x1214c20_0 .net "ID_MemtoReg", 0 0, L_0x121da80; 1 drivers
v0x12149f0_0 .net "ID_PC", 17 0, v0x12124a0_0; 1 drivers
v0x1214ac0_0 .net "ID_RegWrite", 0 0, L_0x121d610; 1 drivers
v0x1214e20_0 .net "ID_Reg_imm", 0 0, L_0x121dff0; 1 drivers
v0x1214ed0_0 .net "ID_Rs", 4 0, L_0x121e820; 1 drivers
v0x1214cf0_0 .net "ID_Rs_data", 31 0, L_0x121e360; 1 drivers
v0x1214d70_0 .net "ID_Rt", 4 0, L_0x121e8c0; 1 drivers
v0x1215140_0 .net "ID_Rt_data", 31 0, L_0x121e410; 1 drivers
v0x12151c0_0 .net "ID_Sh", 0 0, L_0x121dbb0; 1 drivers
v0x1214f50_0 .net "ID_WR_out", 4 0, L_0x121e2a0; 1 drivers
v0x1214fd0_0 .net "ID_imm", 15 0, L_0x121e4c0; 1 drivers
v0x1215400_0 .net "ID_ir", 31 0, v0x1212520_0; 1 drivers
v0x1215480_0 .net "ID_se_imm", 31 0, L_0x121e1a0; 1 drivers
v0x1215240_0 .net "ID_shamt", 4 0, L_0x121df30; 1 drivers
v0x12152f0_0 .net "IF_Flush", 0 0, v0x120f260_0; 1 drivers
v0x12156e0_0 .net "IF_IDWrite", 0 0, v0x120f300_0; 1 drivers
v0x12157b0_0 .net "IF_PC", 17 0, L_0x121d840; 1 drivers
v0x1215500_0 .net "IF_ir", 31 0, L_0x121d940; 1 drivers
v0x1215580_0 .alias "IM_Address", 15 0, v0x1219b00_0;
v0x1215600_0 .alias "Instruction", 31 0, v0x1219bd0_0;
v0x1215a30_0 .net "J_Mode", 2 0, v0x1211620_0; 1 drivers
v0x1215830_0 .net "Jal_Out", 31 0, L_0x121fa10; 1 drivers
v0x12158b0_0 .net "LwLh_Out", 31 0, L_0x121f750; 1 drivers
v0x1215930_0 .net "M_ALU_result", 31 0, v0x120dde0_0; 1 drivers
v0x12159b0_0 .net "M_DM_Read_Data", 31 0, L_0x121f360; 1 drivers
v0x1215ce0_0 .net "M_Jal", 0 0, v0x120de80_0; 1 drivers
v0x1215d90_0 .net "M_Lh", 0 0, v0x120df90_0; 1 drivers
v0x1215ae0_0 .net "M_MemWrite", 0 0, v0x120e030_0; 1 drivers
v0x1215b90_0 .net "M_MemtoReg", 0 0, v0x120e150_0; 1 drivers
v0x1215c60_0 .net "M_PCplus8", 17 0, v0x120e1d0_0; 1 drivers
v0x1216060_0 .net "M_RegWrite", 0 0, v0x120e0b0_0; 1 drivers
v0x1215e10_0 .net "M_Rt_data", 31 0, v0x120e2e0_0; 1 drivers
v0x1215ec0_0 .net "M_Sh", 0 0, v0x120e400_0; 1 drivers
v0x1215f70_0 .net "M_WD_out", 31 0, L_0x121f930; 1 drivers
v0x1216350_0 .net "M_WR_out", 4 0, v0x120e480_0; 1 drivers
v0x12160e0_0 .net "PCWrite", 0 0, v0x120f3f0_0; 1 drivers
v0x12161b0_0 .var "PCin", 17 0;
v0x1216230_0 .net "PCout", 17 0, v0x1212ca0_0; 1 drivers
v0x1216660_0 .net "RegDst_Out", 4 0, L_0x121d230; 1 drivers
v0x12163d0_0 .net "RegWrite", 0 0, v0x12116a0_0; 1 drivers
v0x1216480_0 .net "Reg_imm_Out", 31 0, L_0x121f070; 1 drivers
v0x1216530_0 .net "SignExtension1", 31 0, L_0x121bf90; 1 drivers
v0x12165b0_0 .net "SignExtension2", 31 0, L_0x121c6c0; 1 drivers
v0x12169a0_0 .net "SignExtension3", 31 0, L_0x121cdf0; 1 drivers
v0x1216a20_0 .net "SwSh_Out", 31 0, L_0x121ef80; 1 drivers
v0x12166e0_0 .net "WB_DM_Read_Data", 31 0, v0x120d080_0; 1 drivers
v0x1216760_0 .net "WB_MemtoReg", 0 0, v0x120d140_0; 1 drivers
v0x1216810_0 .net "WB_Out", 31 0, L_0x121fdf0; 1 drivers
v0x1216890_0 .net "WB_RegWrite", 0 0, v0x120d1c0_0; 1 drivers
v0x1216910_0 .net "WB_WD_out", 31 0, v0x120d240_0; 1 drivers
v0x1216d90_0 .net "WB_WR_out", 4 0, v0x120d2c0_0; 1 drivers
v0x1216aa0_0 .net "Zero", 0 0, L_0x121ac40; 1 drivers
v0x1216b70_0 .net *"_s10", 31 0, L_0x121ae60; 1 drivers
v0x1216bf0_0 .net *"_s100", 4 0, C4<11111>; 1 drivers
v0x1216c70_0 .net *"_s13", 13 0, C4<00000000000000>; 1 drivers
v0x1216cf0_0 .net *"_s14", 31 0, C4<00000000000000000000000000000100>; 1 drivers
v0x1217130_0 .net *"_s16", 31 0, L_0x121b010; 1 drivers
v0x1216e10_0 .net *"_s162", 31 0, L_0x121f590; 1 drivers
v0x1216e90_0 .net *"_s165", 13 0, C4<00000000000000>; 1 drivers
v0x1216f10_0 .net *"_s20", 31 0, L_0x121b290; 1 drivers
v0x1216f90_0 .net *"_s23", 13 0, C4<00000000000000>; 1 drivers
v0x1217010_0 .net *"_s24", 31 0, C4<00000000000000000000000000000100>; 1 drivers
v0x1217090_0 .net *"_s26", 31 0, L_0x121b410; 1 drivers
v0x1217510_0 .net *"_s30", 17 0, L_0x121b650; 1 drivers
v0x1217590_0 .net *"_s33", 1 0, C4<00>; 1 drivers
v0x12171b0_0 .net *"_s34", 17 0, L_0x121b940; 1 drivers
v0x1217230_0 .net *"_s36", 15 0, L_0x121b810; 1 drivers
v0x12172b0_0 .net *"_s38", 1 0, C4<00>; 1 drivers
v0x1217330_0 .net *"_s43", 0 0, L_0x121bbf0; 1 drivers
v0x12173b0_0 .net *"_s44", 15 0, C4<1111111111111111>; 1 drivers
v0x1217430_0 .net *"_s47", 15 0, L_0x121bdb0; 1 drivers
v0x12179b0_0 .net *"_s48", 31 0, L_0x121be50; 1 drivers
v0x1217a30_0 .net *"_s50", 15 0, C4<0000000000000000>; 1 drivers
v0x1217610_0 .net *"_s53", 15 0, L_0x121c030; 1 drivers
v0x1217690_0 .net *"_s54", 31 0, L_0x121c1e0; 1 drivers
v0x1217710_0 .net *"_s59", 0 0, L_0x121c420; 1 drivers
v0x1217790_0 .net *"_s60", 15 0, C4<1111111111111111>; 1 drivers
v0x1217810_0 .net *"_s63", 15 0, L_0x121c280; 1 drivers
v0x1217890_0 .net *"_s64", 31 0, L_0x121c5d0; 1 drivers
v0x1217910_0 .net *"_s66", 15 0, C4<0000000000000000>; 1 drivers
v0x1217e90_0 .net *"_s69", 15 0, L_0x121c510; 1 drivers
v0x1217ab0_0 .net *"_s70", 31 0, L_0x121c820; 1 drivers
v0x1217b30_0 .net *"_s75", 0 0, L_0x121cae0; 1 drivers
v0x1217bb0_0 .net *"_s76", 15 0, C4<1111111111111111>; 1 drivers
v0x1217c30_0 .net *"_s79", 15 0, L_0x121c950; 1 drivers
v0x1217cb0_0 .net *"_s80", 31 0, L_0x121cd00; 1 drivers
v0x1217d30_0 .net *"_s82", 15 0, C4<0000000000000000>; 1 drivers
v0x1217db0_0 .net *"_s85", 15 0, L_0x121cc50; 1 drivers
v0x1218330_0 .net *"_s86", 31 0, L_0x121cef0; 1 drivers
v0x1217f10_0 .net *"_s91", 0 0, L_0x121d140; 1 drivers
v0x1217f90_0 .net *"_s93", 4 0, L_0x121cfe0; 1 drivers
v0x1218010_0 .net *"_s95", 4 0, L_0x121d350; 1 drivers
v0x1218090_0 .net *"_s99", 0 0, L_0x121d570; 1 drivers
v0x1218130_0 .alias "clk", 0 0, v0x1219560_0;
v0x12181b0_0 .net "mux", 6 0, v0x12117a0_0; 1 drivers
v0x1218230_0 .net "reg_write_addr", 4 0, L_0x121ff30; 1 drivers
v0x12182b0_0 .net "reg_write_data", 31 0, L_0x121ffe0; 1 drivers
v0x1218820_0 .alias "rst", 0 0, v0x12128b0_0;
v0x12188a0_0 .net "src1", 31 0, L_0x121a560; 1 drivers
v0x12183b0_0 .net "src2", 31 0, L_0x121a700; 1 drivers
v0x1218430_0 .net "wrAddress_Out", 4 0, L_0x121d470; 1 drivers
E_0x11b12b0/0 .event edge, v0x120ee50_0, v0x1212e70_0, v0x1212fb0_0, v0x120eaf0_0;
E_0x11b12b0/1 .event edge, v0x12103f0_0;
E_0x11b12b0 .event/or E_0x11b12b0/0, E_0x11b12b0/1;
L_0x121a800 .part v0x1212520_0, 21, 5;
L_0x121a940 .part v0x1212520_0, 16, 5;
L_0x121aa30 .part v0x1212520_0, 26, 6;
L_0x121ab60 .part v0x1212520_0, 0, 6;
L_0x121ad30 .part v0x1212ca0_0, 2, 16;
L_0x121ae60 .concat [ 18 14 0 0], v0x1212ca0_0, C4<00000000000000>;
L_0x121b010 .arith/sum 32, L_0x121ae60, C4<00000000000000000000000000000100>;
L_0x121b150 .part L_0x121b010, 0, 18;
L_0x121b290 .concat [ 18 14 0 0], v0x120fde0_0, C4<00000000000000>;
L_0x121b410 .arith/sum 32, L_0x121b290, C4<00000000000000000000000000000100>;
L_0x121b5b0 .part L_0x121b410, 0, 18;
L_0x121b650 .concat [ 16 2 0 0], v0x12103f0_0, C4<00>;
L_0x121b810 .part L_0x121b650, 0, 16;
L_0x121b940 .concat [ 2 16 0 0], C4<00>, L_0x121b810;
L_0x121bb00 .arith/sum 18, v0x120fde0_0, L_0x121b940;
L_0x121bbf0 .part v0x1212520_0, 15, 1;
L_0x121bdb0 .part v0x1212520_0, 0, 16;
L_0x121be50 .concat [ 16 16 0 0], L_0x121bdb0, C4<1111111111111111>;
L_0x121c030 .part v0x1212520_0, 0, 16;
L_0x121c1e0 .concat [ 16 16 0 0], L_0x121c030, C4<0000000000000000>;
L_0x121bf90 .functor MUXZ 32, L_0x121c1e0, L_0x121be50, L_0x121bbf0, C4<>;
L_0x121c420 .part v0x120e2e0_0, 15, 1;
L_0x121c280 .part v0x120e2e0_0, 0, 16;
L_0x121c5d0 .concat [ 16 16 0 0], L_0x121c280, C4<1111111111111111>;
L_0x121c510 .part v0x120e2e0_0, 0, 16;
L_0x121c820 .concat [ 16 16 0 0], L_0x121c510, C4<0000000000000000>;
L_0x121c6c0 .functor MUXZ 32, L_0x121c820, L_0x121c5d0, L_0x121c420, C4<>;
L_0x121cae0 .part L_0x121a3d0, 15, 1;
L_0x121c950 .part L_0x121a3d0, 0, 16;
L_0x121cd00 .concat [ 16 16 0 0], L_0x121c950, C4<1111111111111111>;
L_0x121cc50 .part L_0x121a3d0, 0, 16;
L_0x121cef0 .concat [ 16 16 0 0], L_0x121cc50, C4<0000000000000000>;
L_0x121cdf0 .functor MUXZ 32, L_0x121cef0, L_0x121cd00, L_0x121cae0, C4<>;
L_0x121d140 .part v0x12117a0_0, 6, 1;
L_0x121cfe0 .part v0x1212520_0, 11, 5;
L_0x121d350 .part v0x1212520_0, 16, 5;
L_0x121d230 .functor MUXZ 5, L_0x121d350, L_0x121cfe0, L_0x121d140, C4<>;
L_0x121d570 .part v0x12117a0_0, 5, 1;
L_0x121d470 .functor MUXZ 5, L_0x121d230, C4<11111>, L_0x121d570, C4<>;
L_0x121da80 .part v0x12117a0_0, 1, 1;
L_0x121dd00 .part v0x12117a0_0, 0, 1;
L_0x121dda0 .part v0x12117a0_0, 2, 1;
L_0x121dbb0 .part v0x12117a0_0, 3, 1;
L_0x121dff0 .part v0x12117a0_0, 4, 1;
L_0x121df30 .part v0x1212520_0, 6, 5;
L_0x121e4c0 .part v0x1212520_0, 0, 16;
L_0x121e820 .part v0x1212520_0, 21, 5;
L_0x121e8c0 .part v0x1212520_0, 16, 5;
L_0x121e5b0 .functor MUXZ 32, L_0x121fa10, L_0x121fdf0, v0x120c580_0, C4<>;
L_0x121eaf0 .functor MUXZ 32, L_0x121e5b0, v0x1210090_0, v0x120c620_0, C4<>;
L_0x121ea50 .functor MUXZ 32, L_0x121fa10, L_0x121fdf0, v0x120c6d0_0, C4<>;
L_0x121ee20 .functor MUXZ 32, L_0x121ea50, v0x12101c0_0, v0x120c770_0, C4<>;
L_0x121f070 .functor MUXZ 32, L_0x121ee20, v0x12102c0_0, v0x120ff30_0, C4<>;
L_0x121f3c0 .part v0x120dde0_0, 2, 16;
L_0x121ef80 .functor MUXZ 32, v0x120e2e0_0, L_0x121c6c0, v0x120e400_0, C4<>;
L_0x121f750 .functor MUXZ 32, L_0x121a3d0, L_0x121cdf0, v0x120df90_0, C4<>;
L_0x121f590 .concat [ 18 14 0 0], v0x120e1d0_0, C4<00000000000000>;
L_0x121fa10 .functor MUXZ 32, v0x120dde0_0, L_0x121f590, v0x120de80_0, C4<>;
L_0x121fdf0 .functor MUXZ 32, v0x120d080_0, v0x120d240_0, v0x120d140_0, C4<>;
S_0x1212a50 .scope module, "pc" "PC" 5 180, 6 3, S_0x11d2df0;
 .timescale 0 0;
P_0x12127f8 .param/l "bit_size" 6 9, +C4<010010>;
v0x1212ba0_0 .alias "PCWrite", 0 0, v0x12160e0_0;
v0x1212c20_0 .net "PCin", 17 0, v0x12161b0_0; 1 drivers
v0x1212ca0_0 .var "PCout", 17 0;
v0x1212d40_0 .alias "clk", 0 0, v0x1219560_0;
v0x1212df0_0 .alias "rst", 0 0, v0x12128b0_0;
S_0x1212310 .scope module, "if_id" "IF_ID" 5 187, 7 3, S_0x11d2df0;
 .timescale 0 0;
P_0x1210038 .param/l "data_size" 7 15, +C4<0100000>;
P_0x1210060 .param/l "pc_size" 7 14, +C4<010010>;
v0x12124a0_0 .var "ID_PC", 17 0;
v0x1212520_0 .var "ID_ir", 31 0;
v0x12125c0_0 .alias "IF_Flush", 0 0, v0x12152f0_0;
v0x1212640_0 .alias "IF_IDWrite", 0 0, v0x12156e0_0;
v0x12126f0_0 .alias "IF_PC", 17 0, v0x12157b0_0;
v0x1212770_0 .alias "IF_ir", 31 0, v0x1215500_0;
v0x1212830_0 .alias "clk", 0 0, v0x1219560_0;
v0x1212940_0 .alias "rst", 0 0, v0x12128b0_0;
S_0x12118a0 .scope module, "regfile" "Regfile" 5 200, 8 3, S_0x11d2df0;
 .timescale 0 0;
P_0x120fd58 .param/l "bit_size" 8 13, +C4<0100000>;
L_0x121a560 .functor BUFZ 32, L_0x121a4a0, C4<00000000000000000000000000000000>, C4<00000000000000000000000000000000>, C4<00000000000000000000000000000000>;
L_0x121a700 .functor BUFZ 32, L_0x121a660, C4<00000000000000000000000000000000>, C4<00000000000000000000000000000000>, C4<00000000000000000000000000000000>;
v0x1211a60_0 .net "Read_addr_1", 4 0, L_0x121a800; 1 drivers
v0x1211b20_0 .net "Read_addr_2", 4 0, L_0x121a940; 1 drivers
v0x1211bc0_0 .alias "Read_data_1", 31 0, v0x12188a0_0;
v0x1211c60_0 .alias "Read_data_2", 31 0, v0x12183b0_0;
v0x1211d10_0 .alias "RegWrite", 0 0, v0x1216890_0;
v0x1211de0_0 .alias "Write_addr", 4 0, v0x1218230_0;
v0x1211ec0_0 .alias "Write_data", 31 0, v0x12182b0_0;
v0x1211f60_0 .net *"_s0", 31 0, L_0x121a4a0; 1 drivers
v0x1212050_0 .net *"_s4", 31 0, L_0x121a660; 1 drivers
v0x12120f0_0 .alias "clk", 0 0, v0x1219560_0;
v0x1212170_0 .var/i "i", 31 0;
v0x1212210 .array "reg_data", 31 0, 31 0;
v0x1212290_0 .alias "rst", 0 0, v0x12128b0_0;
E_0x12119d0/0 .event edge, v0x120d450_0;
E_0x12119d0/1 .event posedge, v0x120d3d0_0;
E_0x12119d0 .event/or E_0x12119d0/0, E_0x12119d0/1;
L_0x121a4a0 .array/port v0x1212210, L_0x121a800;
L_0x121a660 .array/port v0x1212210, L_0x121a940;
S_0x1211430 .scope module, "ctrler" "Controller" 5 212, 9 2, S_0x11d2df0;
 .timescale 0 0;
v0x1211520_0 .var "ALUOp", 3 0;
v0x12115a0_0 .var "DM_enable", 0 0;
v0x1211620_0 .var "J_Mode", 2 0;
v0x12116a0_0 .var "RegWrite", 0 0;
v0x1211720_0 .net "funct", 5 0, L_0x121ab60; 1 drivers
v0x12117a0_0 .var "mux", 6 0;
v0x1211820_0 .net "opcode", 5 0, L_0x121aa30; 1 drivers
E_0x120cef0 .event edge, v0x1211820_0, v0x1211720_0;
S_0x120f7e0 .scope module, "id_ex" "ID_EX" 5 227, 10 3, S_0x11d2df0;
 .timescale 0 0;
P_0x120dd68 .param/l "data_size" 10 58, +C4<0100000>;
P_0x120dd90 .param/l "pc_size" 10 57, +C4<010010>;
v0x120f960_0 .var "EX_ALUOp", 3 0;
v0x120f9e0_0 .var "EX_J_Mode", 2 0;
v0x120fa90_0 .var "EX_Jal", 0 0;
v0x120fb40_0 .var "EX_Lh", 0 0;
v0x120fc20_0 .var "EX_MemWrite", 0 0;
v0x120fcd0_0 .var "EX_MemtoReg", 0 0;
v0x120fde0_0 .var "EX_PC", 17 0;
v0x120fe60_0 .var "EX_RegWrite", 0 0;
v0x120ff30_0 .var "EX_Reg_imm", 0 0;
v0x120ffb0_0 .var "EX_Rs", 4 0;
v0x1210090_0 .var "EX_Rs_data", 31 0;
v0x1210110_0 .var "EX_Rt", 4 0;
v0x12101c0_0 .var "EX_Rt_data", 31 0;
v0x1210240_0 .var "EX_Sh", 0 0;
v0x1210370_0 .var "EX_WR_out", 4 0;
v0x12103f0_0 .var "EX_imm", 15 0;
v0x12102c0_0 .var "EX_se_imm", 31 0;
v0x1210500_0 .var "EX_shamt", 4 0;
v0x1210470_0 .alias "ID_ALUOp", 3 0, v0x12148f0_0;
v0x1210620_0 .alias "ID_Flush", 0 0, v0x1214970_0;
v0x1210750_0 .alias "ID_J_Mode", 2 0, v0x1215a30_0;
v0x12107d0_0 .alias "ID_Jal", 0 0, v0x12147b0_0;
v0x12106a0_0 .alias "ID_Lh", 0 0, v0x1214830_0;
v0x1210910_0 .alias "ID_MemWrite", 0 0, v0x1214b50_0;
v0x1210850_0 .alias "ID_MemtoReg", 0 0, v0x1214c20_0;
v0x1210a60_0 .alias "ID_PC", 17 0, v0x12149f0_0;
v0x1210990_0 .alias "ID_RegWrite", 0 0, v0x1214ac0_0;
v0x1210bc0_0 .alias "ID_Reg_imm", 0 0, v0x1214e20_0;
v0x1210ae0_0 .alias "ID_Rs", 4 0, v0x1214ed0_0;
v0x1210d30_0 .alias "ID_Rs_data", 31 0, v0x1214cf0_0;
v0x1210c40_0 .alias "ID_Rt", 4 0, v0x1214d70_0;
v0x1210eb0_0 .alias "ID_Rt_data", 31 0, v0x1215140_0;
v0x1210db0_0 .alias "ID_Sh", 0 0, v0x12151c0_0;
v0x1211040_0 .alias "ID_WR_out", 4 0, v0x1214f50_0;
v0x1210f30_0 .alias "ID_imm", 15 0, v0x1214fd0_0;
v0x1210fb0_0 .alias "ID_se_imm", 31 0, v0x1215480_0;
v0x12111f0_0 .alias "ID_shamt", 4 0, v0x1215240_0;
v0x1211270_0 .alias "clk", 0 0, v0x1219560_0;
v0x12110c0_0 .alias "rst", 0 0, v0x12128b0_0;
S_0x120f490 .scope module, "jCtrl" "Jump_Ctrl" 5 281, 11 3, S_0x11d2df0;
 .timescale 0 0;
v0x120f5c0_0 .alias "J_Mode", 2 0, v0x12135a0_0;
v0x120f680_0 .var "JumpOP", 1 0;
v0x120f730_0 .alias "Zero", 0 0, v0x1216aa0_0;
E_0x120f0f0 .event edge, v0x120f5c0_0, v0x120e900_0;
S_0x120ec70 .scope module, "hdu" "HDU" 5 287, 12 3, S_0x11d2df0;
 .timescale 0 0;
P_0x120ed68 .param/l "bit_size" 12 17, +C4<0100000>;
v0x120ee50_0 .alias "EX_JumpOP", 1 0, v0x1213760_0;
v0x120ef10_0 .alias "EX_MemtoReg", 0 0, v0x12137e0_0;
v0x120efc0_0 .alias "EX_WR_out", 4 0, v0x1213f70_0;
v0x120f070_0 .var "ID_Flush", 0 0;
v0x120f120_0 .alias "ID_Rs", 4 0, v0x1214ed0_0;
v0x120f1a0_0 .alias "ID_Rt", 4 0, v0x1214d70_0;
v0x120f260_0 .var "IF_Flush", 0 0;
v0x120f300_0 .var "IF_IDWrite", 0 0;
v0x120f3f0_0 .var "PCWrite", 0 0;
E_0x120ea20/0 .event edge, v0x120d980_0, v0x120dce0_0, v0x120f120_0, v0x120f1a0_0;
E_0x120ea20/1 .event edge, v0x120ee50_0;
E_0x120ea20 .event/or E_0x120ea20/0, E_0x120ea20/1;
S_0x120e6f0 .scope module, "alu" "ALU" 5 301, 13 3, S_0x11d2df0;
 .timescale 0 0;
P_0x120daa8 .param/l "bit_size" 13 10, +C4<0100000>;
v0x120e7e0_0 .alias "ALUOp", 3 0, v0x1213440_0;
v0x120e860_0 .var "ALU_result", 31 0;
v0x120e900_0 .alias "Zero", 0 0, v0x1216aa0_0;
v0x120e9a0_0 .net *"_s0", 31 0, C4<00000000000000000000000000000000>; 1 drivers
v0x120ea50_0 .alias "shamt", 4 0, v0x1214390_0;
v0x120eaf0_0 .alias "src1", 31 0, v0x1214490_0;
v0x120ebd0_0 .alias "src2", 31 0, v0x1216480_0;
E_0x120e540 .event edge, v0x120ebd0_0, v0x120eaf0_0, v0x120e7e0_0;
L_0x121ac40 .cmp/eq 32, v0x120e860_0, C4<00000000000000000000000000000000>;
S_0x120d560 .scope module, "ex_m" "EX_M" 5 310, 14 3, S_0x11d2df0;
 .timescale 0 0;
P_0x120d348 .param/l "data_size" 14 38, +C4<0100000>;
P_0x120d370 .param/l "pc_size" 14 37, +C4<010010>;
v0x120d720_0 .alias "EX_ALU_result", 31 0, v0x1213520_0;
v0x120d7c0_0 .alias "EX_Jal", 0 0, v0x1213690_0;
v0x120d860_0 .alias "EX_Lh", 0 0, v0x12138b0_0;
v0x120d900_0 .alias "EX_MemWrite", 0 0, v0x1213980_0;
v0x120d980_0 .alias "EX_MemtoReg", 0 0, v0x12137e0_0;
v0x120da20_0 .alias "EX_PCplus8", 17 0, v0x1213a00_0;
v0x120db00_0 .alias "EX_RegWrite", 0 0, v0x1213c00_0;
v0x120dba0_0 .alias "EX_Rt_data", 31 0, v0x1214610_0;
v0x120dc40_0 .alias "EX_Sh", 0 0, v0x12140c0_0;
v0x120dce0_0 .alias "EX_WR_out", 4 0, v0x1213f70_0;
v0x120dde0_0 .var "M_ALU_result", 31 0;
v0x120de80_0 .var "M_Jal", 0 0;
v0x120df90_0 .var "M_Lh", 0 0;
v0x120e030_0 .var "M_MemWrite", 0 0;
v0x120e150_0 .var "M_MemtoReg", 0 0;
v0x120e1d0_0 .var "M_PCplus8", 17 0;
v0x120e0b0_0 .var "M_RegWrite", 0 0;
v0x120e2e0_0 .var "M_Rt_data", 31 0;
v0x120e400_0 .var "M_Sh", 0 0;
v0x120e480_0 .var "M_WR_out", 4 0;
v0x120e360_0 .alias "clk", 0 0, v0x1219560_0;
v0x120e5b0_0 .alias "rst", 0 0, v0x12128b0_0;
S_0x120cb80 .scope module, "m_wb" "M_WB" 5 345, 15 3, S_0x11d2df0;
 .timescale 0 0;
P_0x120c7f8 .param/l "data_size" 15 23, +C4<0100000>;
v0x120cd10_0 .alias "M_DM_Read_Data", 31 0, v0x12159b0_0;
v0x120cdd0_0 .alias "M_MemtoReg", 0 0, v0x1215b90_0;
v0x120ce70_0 .alias "M_RegWrite", 0 0, v0x1216060_0;
v0x120cf20_0 .alias "M_WD_out", 31 0, v0x1215f70_0;
v0x120cfd0_0 .alias "M_WR_out", 4 0, v0x1216350_0;
v0x120d080_0 .var "WB_DM_Read_Data", 31 0;
v0x120d140_0 .var "WB_MemtoReg", 0 0;
v0x120d1c0_0 .var "WB_RegWrite", 0 0;
v0x120d240_0 .var "WB_WD_out", 31 0;
v0x120d2c0_0 .var "WB_WR_out", 4 0;
v0x120d3d0_0 .alias "clk", 0 0, v0x1219560_0;
v0x120d450_0 .alias "rst", 0 0, v0x12128b0_0;
E_0x120c6a0/0 .event edge, v0x120d450_0;
E_0x120c6a0/1 .event negedge, v0x120d3d0_0;
E_0x120c6a0 .event/or E_0x120c6a0/0, E_0x120c6a0/1;
S_0x11cf9e0 .scope module, "fu" "FU" 5 366, 16 3, S_0x11d2df0;
 .timescale 0 0;
v0x1186470_0 .alias "EX_Rs", 4 0, v0x1213db0_0;
v0x120c4e0_0 .alias "EX_Rt", 4 0, v0x1213ef0_0;
v0x120c580_0 .var "ForwardA", 0 0;
v0x120c620_0 .var "ForwardB", 0 0;
v0x120c6d0_0 .var "ForwardC", 0 0;
v0x120c770_0 .var "ForwardD", 0 0;
v0x120c850_0 .alias "M_RegWrite", 0 0, v0x1216060_0;
v0x120c8f0_0 .alias "M_WR_out", 4 0, v0x1216350_0;
v0x120c9e0_0 .alias "WB_RegWrite", 0 0, v0x1216890_0;
v0x120ca80_0 .alias "WB_WR_out", 4 0, v0x1216d90_0;
E_0x11b2930/0 .event edge, v0x120c9e0_0, v0x120ca80_0, v0x1186470_0, v0x120c4e0_0;
E_0x11b2930/1 .event edge, v0x120c850_0, v0x120c8f0_0;
E_0x11b2930 .event/or E_0x11b2930/0, E_0x11b2930/1;
    .scope S_0x12184b0;
T_0 ;
    %wait E_0x12185e0;
    %load/v 8, v0x12190b0_0, 1;
    %jmp/0xz  T_0.0, 8;
    %set/v v0x1219030_0, 0, 32;
T_0.2 ;
    %load/v 8, v0x1219030_0, 32;
    %movi 40, 65536, 32;
    %cmp/s 8, 40, 32;
    %jmp/0xz T_0.3, 5;
    %ix/getv/s 3, v0x1219030_0;
    %jmp/1 t_0, 4;
    %ix/load 0, 32, 0; word width
    %ix/load 1, 0, 0; part off
    %assign/av v0x1218e30, 0, 0;
t_0 ;
    %ix/load 0, 1, 0;
    %load/vp0/s 8, v0x1219030_0, 32;
    %set/v v0x1219030_0, 8, 32;
    %jmp T_0.2;
T_0.3 ;
    %jmp T_0.1;
T_0.0 ;
    %load/v 8, v0x1218eb0_0, 1;
    %jmp/0xz  T_0.4, 8;
    %load/v 8, v0x1218db0_0, 32;
    %ix/getv 3, v0x1218650_0;
    %jmp/1 t_1, 4;
    %ix/load 0, 32, 0; word width
    %ix/load 1, 0, 0; part off
    %assign/av v0x1218e30, 0, 8;
t_1 ;
T_0.4 ;
T_0.1 ;
    %jmp T_0;
    .thread T_0;
    .scope S_0x1212a50;
T_1 ;
    %wait E_0x120c6a0;
    %load/v 8, v0x1212df0_0, 1;
    %jmp/0xz  T_1.0, 8;
    %ix/load 0, 18, 0;
    %assign/v0 v0x1212ca0_0, 0, 0;
    %jmp T_1.1;
T_1.0 ;
    %load/v 8, v0x1212ba0_0, 1;
    %jmp/0xz  T_1.2, 8;
    %load/v 8, v0x1212c20_0, 18;
    %ix/load 0, 18, 0;
    %assign/v0 v0x1212ca0_0, 0, 8;
    %jmp T_1.3;
T_1.2 ;
    %load/v 8, v0x1212ca0_0, 18;
    %ix/load 0, 18, 0;
    %assign/v0 v0x1212ca0_0, 0, 8;
T_1.3 ;
T_1.1 ;
    %jmp T_1;
    .thread T_1;
    .scope S_0x1212310;
T_2 ;
    %wait E_0x120c6a0;
    %load/v 8, v0x1212940_0, 1;
    %jmp/0xz  T_2.0, 8;
    %ix/load 0, 18, 0;
    %assign/v0 v0x12124a0_0, 0, 0;
    %ix/load 0, 32, 0;
    %assign/v0 v0x1212520_0, 0, 0;
    %jmp T_2.1;
T_2.0 ;
    %load/v 8, v0x12125c0_0, 1;
    %jmp/0xz  T_2.2, 8;
    %ix/load 0, 18, 0;
    %assign/v0 v0x12124a0_0, 0, 0;
    %ix/load 0, 32, 0;
    %assign/v0 v0x1212520_0, 0, 0;
    %jmp T_2.3;
T_2.2 ;
    %load/v 8, v0x1212640_0, 1;
    %jmp/0xz  T_2.4, 8;
    %load/v 8, v0x12126f0_0, 18;
    %ix/load 0, 18, 0;
    %assign/v0 v0x12124a0_0, 0, 8;
    %load/v 8, v0x1212770_0, 32;
    %ix/load 0, 32, 0;
    %assign/v0 v0x1212520_0, 0, 8;
    %jmp T_2.5;
T_2.4 ;
    %load/v 8, v0x1212520_0, 32;
    %ix/load 0, 32, 0;
    %assign/v0 v0x1212520_0, 0, 8;
    %load/v 8, v0x12124a0_0, 18;
    %ix/load 0, 18, 0;
    %assign/v0 v0x12124a0_0, 0, 8;
T_2.5 ;
T_2.3 ;
T_2.1 ;
    %jmp T_2;
    .thread T_2;
    .scope S_0x12118a0;
T_3 ;
    %wait E_0x12119d0;
    %load/v 8, v0x1212290_0, 1;
    %jmp/0xz  T_3.0, 8;
    %set/v v0x1212170_0, 0, 32;
T_3.2 ;
    %load/v 8, v0x1212170_0, 32;
   %cmpi/s 8, 32, 32;
    %jmp/0xz T_3.3, 5;
    %ix/getv/s 3, v0x1212170_0;
    %jmp/1 t_2, 4;
    %ix/load 0, 32, 0; word width
    %ix/load 1, 0, 0; part off
    %assign/av v0x1212210, 0, 0;
t_2 ;
    %ix/load 0, 1, 0;
    %load/vp0/s 8, v0x1212170_0, 32;
    %set/v v0x1212170_0, 8, 32;
    %jmp T_3.2;
T_3.3 ;
    %jmp T_3.1;
T_3.0 ;
    %load/v 8, v0x1211d10_0, 1;
    %jmp/0xz  T_3.4, 8;
    %load/v 8, v0x1211ec0_0, 32;
    %ix/getv 3, v0x1211de0_0;
    %jmp/1 t_3, 4;
    %ix/load 0, 32, 0; word width
    %ix/load 1, 0, 0; part off
    %assign/av v0x1212210, 0, 8;
t_3 ;
T_3.4 ;
T_3.1 ;
    %jmp T_3;
    .thread T_3;
    .scope S_0x1211430;
T_4 ;
    %wait E_0x120cef0;
    %load/v 8, v0x1211820_0, 6;
    %cmpi/u 8, 0, 6;
    %jmp/0xz  T_4.0, 4;
    %load/v 8, v0x1211720_0, 6;
    %cmpi/u 8, 32, 6;
    %jmp/1 T_4.2, 6;
    %cmpi/u 8, 34, 6;
    %jmp/1 T_4.3, 6;
    %cmpi/u 8, 36, 6;
    %jmp/1 T_4.4, 6;
    %cmpi/u 8, 37, 6;
    %jmp/1 T_4.5, 6;
    %cmpi/u 8, 38, 6;
    %jmp/1 T_4.6, 6;
    %cmpi/u 8, 39, 6;
    %jmp/1 T_4.7, 6;
    %cmpi/u 8, 42, 6;
    %jmp/1 T_4.8, 6;
    %cmpi/u 8, 0, 6;
    %jmp/1 T_4.9, 6;
    %cmpi/u 8, 2, 6;
    %jmp/1 T_4.10, 6;
    %cmpi/u 8, 8, 6;
    %jmp/1 T_4.11, 6;
    %cmpi/u 8, 9, 6;
    %jmp/1 T_4.12, 6;
    %ix/load 0, 1, 0;
    %assign/v0 v0x12116a0_0, 0, 0;
    %ix/load 0, 1, 0;
    %assign/v0 v0x12115a0_0, 0, 0;
    %jmp T_4.14;
T_4.2 ;
    %movi 8, 66, 7;
    %ix/load 0, 7, 0;
    %assign/v0 v0x12117a0_0, 0, 8;
    %movi 8, 2, 4;
    %ix/load 0, 4, 0;
    %assign/v0 v0x1211520_0, 0, 8;
    %ix/load 0, 1, 0;
    %assign/v0 v0x12116a0_0, 0, 1;
    %ix/load 0, 1, 0;
    %assign/v0 v0x12115a0_0, 0, 0;
    %ix/load 0, 3, 0;
    %assign/v0 v0x1211620_0, 0, 1;
    %jmp T_4.14;
T_4.3 ;
    %movi 8, 66, 7;
    %ix/load 0, 7, 0;
    %assign/v0 v0x12117a0_0, 0, 8;
    %movi 8, 6, 4;
    %ix/load 0, 4, 0;
    %assign/v0 v0x1211520_0, 0, 8;
    %ix/load 0, 1, 0;
    %assign/v0 v0x12116a0_0, 0, 1;
    %ix/load 0, 1, 0;
    %assign/v0 v0x12115a0_0, 0, 0;
    %ix/load 0, 3, 0;
    %assign/v0 v0x1211620_0, 0, 1;
    %jmp T_4.14;
T_4.4 ;
    %movi 8, 66, 7;
    %ix/load 0, 7, 0;
    %assign/v0 v0x12117a0_0, 0, 8;
    %ix/load 0, 4, 0;
    %assign/v0 v0x1211520_0, 0, 0;
    %ix/load 0, 1, 0;
    %assign/v0 v0x12116a0_0, 0, 1;
    %ix/load 0, 1, 0;
    %assign/v0 v0x12115a0_0, 0, 0;
    %ix/load 0, 3, 0;
    %assign/v0 v0x1211620_0, 0, 1;
    %jmp T_4.14;
T_4.5 ;
    %movi 8, 66, 7;
    %ix/load 0, 7, 0;
    %assign/v0 v0x12117a0_0, 0, 8;
    %movi 8, 1, 4;
    %ix/load 0, 4, 0;
    %assign/v0 v0x1211520_0, 0, 8;
    %ix/load 0, 1, 0;
    %assign/v0 v0x12116a0_0, 0, 1;
    %ix/load 0, 1, 0;
    %assign/v0 v0x12115a0_0, 0, 0;
    %ix/load 0, 3, 0;
    %assign/v0 v0x1211620_0, 0, 1;
    %jmp T_4.14;
T_4.6 ;
    %movi 8, 66, 7;
    %ix/load 0, 7, 0;
    %assign/v0 v0x12117a0_0, 0, 8;
    %movi 8, 10, 4;
    %ix/load 0, 4, 0;
    %assign/v0 v0x1211520_0, 0, 8;
    %ix/load 0, 1, 0;
    %assign/v0 v0x12116a0_0, 0, 1;
    %ix/load 0, 1, 0;
    %assign/v0 v0x12115a0_0, 0, 0;
    %ix/load 0, 3, 0;
    %assign/v0 v0x1211620_0, 0, 1;
    %jmp T_4.14;
T_4.7 ;
    %movi 8, 66, 7;
    %ix/load 0, 7, 0;
    %assign/v0 v0x12117a0_0, 0, 8;
    %movi 8, 9, 4;
    %ix/load 0, 4, 0;
    %assign/v0 v0x1211520_0, 0, 8;
    %ix/load 0, 1, 0;
    %assign/v0 v0x12116a0_0, 0, 1;
    %ix/load 0, 1, 0;
    %assign/v0 v0x12115a0_0, 0, 0;
    %ix/load 0, 3, 0;
    %assign/v0 v0x1211620_0, 0, 1;
    %jmp T_4.14;
T_4.8 ;
    %movi 8, 66, 7;
    %ix/load 0, 7, 0;
    %assign/v0 v0x12117a0_0, 0, 8;
    %movi 8, 7, 4;
    %ix/load 0, 4, 0;
    %assign/v0 v0x1211520_0, 0, 8;
    %ix/load 0, 1, 0;
    %assign/v0 v0x12116a0_0, 0, 1;
    %ix/load 0, 1, 0;
    %assign/v0 v0x12115a0_0, 0, 0;
    %ix/load 0, 3, 0;
    %assign/v0 v0x1211620_0, 0, 1;
    %jmp T_4.14;
T_4.9 ;
    %movi 8, 66, 7;
    %ix/load 0, 7, 0;
    %assign/v0 v0x12117a0_0, 0, 8;
    %movi 8, 11, 4;
    %ix/load 0, 4, 0;
    %assign/v0 v0x1211520_0, 0, 8;
    %ix/load 0, 1, 0;
    %assign/v0 v0x12116a0_0, 0, 1;
    %ix/load 0, 1, 0;
    %assign/v0 v0x12115a0_0, 0, 0;
    %ix/load 0, 3, 0;
    %assign/v0 v0x1211620_0, 0, 1;
    %jmp T_4.14;
T_4.10 ;
    %movi 8, 66, 7;
    %ix/load 0, 7, 0;
    %assign/v0 v0x12117a0_0, 0, 8;
    %movi 8, 12, 4;
    %ix/load 0, 4, 0;
    %assign/v0 v0x1211520_0, 0, 8;
    %ix/load 0, 1, 0;
    %assign/v0 v0x12116a0_0, 0, 1;
    %ix/load 0, 1, 0;
    %assign/v0 v0x12115a0_0, 0, 0;
    %ix/load 0, 3, 0;
    %assign/v0 v0x1211620_0, 0, 1;
    %jmp T_4.14;
T_4.11 ;
    %movi 8, 82, 7;
    %ix/load 0, 7, 0;
    %assign/v0 v0x12117a0_0, 0, 8;
    %ix/load 0, 4, 0;
    %assign/v0 v0x1211520_0, 0, 1;
    %ix/load 0, 1, 0;
    %assign/v0 v0x12116a0_0, 0, 0;
    %ix/load 0, 1, 0;
    %assign/v0 v0x12115a0_0, 0, 0;
    %ix/load 0, 3, 0;
    %assign/v0 v0x1211620_0, 0, 0;
    %jmp T_4.14;
T_4.12 ;
    %movi 8, 115, 7;
    %ix/load 0, 7, 0;
    %assign/v0 v0x12117a0_0, 0, 8;
    %ix/load 0, 4, 0;
    %assign/v0 v0x1211520_0, 0, 1;
    %ix/load 0, 1, 0;
    %assign/v0 v0x12116a0_0, 0, 1;
    %ix/load 0, 1, 0;
    %assign/v0 v0x12115a0_0, 0, 0;
    %movi 8, 1, 3;
    %ix/load 0, 3, 0;
    %assign/v0 v0x1211620_0, 0, 8;
    %jmp T_4.14;
T_4.14 ;
    %jmp T_4.1;
T_4.0 ;
    %load/v 8, v0x1211820_0, 6;
    %cmpi/u 8, 8, 6;
    %jmp/1 T_4.15, 6;
    %cmpi/u 8, 12, 6;
    %jmp/1 T_4.16, 6;
    %cmpi/u 8, 10, 6;
    %jmp/1 T_4.17, 6;
    %cmpi/u 8, 4, 6;
    %jmp/1 T_4.18, 6;
    %cmpi/u 8, 5, 6;
    %jmp/1 T_4.19, 6;
    %cmpi/u 8, 35, 6;
    %jmp/1 T_4.20, 6;
    %cmpi/u 8, 33, 6;
    %jmp/1 T_4.21, 6;
    %cmpi/u 8, 43, 6;
    %jmp/1 T_4.22, 6;
    %cmpi/u 8, 41, 6;
    %jmp/1 T_4.23, 6;
    %cmpi/u 8, 2, 6;
    %jmp/1 T_4.24, 6;
    %cmpi/u 8, 3, 6;
    %jmp/1 T_4.25, 6;
    %ix/load 0, 1, 0;
    %assign/v0 v0x12116a0_0, 0, 0;
    %ix/load 0, 1, 0;
    %assign/v0 v0x12115a0_0, 0, 0;
    %jmp T_4.27;
T_4.15 ;
    %movi 8, 18, 7;
    %ix/load 0, 7, 0;
    %assign/v0 v0x12117a0_0, 0, 8;
    %movi 8, 2, 4;
    %ix/load 0, 4, 0;
    %assign/v0 v0x1211520_0, 0, 8;
    %ix/load 0, 1, 0;
    %assign/v0 v0x12116a0_0, 0, 1;
    %ix/load 0, 1, 0;
    %assign/v0 v0x12115a0_0, 0, 0;
    %ix/load 0, 3, 0;
    %assign/v0 v0x1211620_0, 0, 1;
    %jmp T_4.27;
T_4.16 ;
    %movi 8, 18, 7;
    %ix/load 0, 7, 0;
    %assign/v0 v0x12117a0_0, 0, 8;
    %ix/load 0, 4, 0;
    %assign/v0 v0x1211520_0, 0, 0;
    %ix/load 0, 1, 0;
    %assign/v0 v0x12116a0_0, 0, 1;
    %ix/load 0, 1, 0;
    %assign/v0 v0x12115a0_0, 0, 0;
    %ix/load 0, 3, 0;
    %assign/v0 v0x1211620_0, 0, 1;
    %jmp T_4.27;
T_4.17 ;
    %movi 8, 18, 7;
    %ix/load 0, 7, 0;
    %assign/v0 v0x12117a0_0, 0, 8;
    %movi 8, 7, 4;
    %ix/load 0, 4, 0;
    %assign/v0 v0x1211520_0, 0, 8;
    %ix/load 0, 1, 0;
    %assign/v0 v0x12116a0_0, 0, 1;
    %ix/load 0, 1, 0;
    %assign/v0 v0x12115a0_0, 0, 0;
    %ix/load 0, 3, 0;
    %assign/v0 v0x1211620_0, 0, 1;
    %jmp T_4.27;
T_4.18 ;
    %movi 8, 2, 7;
    %ix/load 0, 7, 0;
    %assign/v0 v0x12117a0_0, 0, 8;
    %movi 8, 13, 4;
    %ix/load 0, 4, 0;
    %assign/v0 v0x1211520_0, 0, 8;
    %ix/load 0, 1, 0;
    %assign/v0 v0x12116a0_0, 0, 0;
    %ix/load 0, 1, 0;
    %assign/v0 v0x12115a0_0, 0, 0;
    %movi 12, 2, 3;
    %ix/load 0, 3, 0;
    %assign/v0 v0x1211620_0, 0, 12;
    %jmp T_4.27;
T_4.19 ;
    %movi 8, 2, 7;
    %ix/load 0, 7, 0;
    %assign/v0 v0x12117a0_0, 0, 8;
    %movi 8, 13, 4;
    %ix/load 0, 4, 0;
    %assign/v0 v0x1211520_0, 0, 8;
    %ix/load 0, 1, 0;
    %assign/v0 v0x12116a0_0, 0, 0;
    %ix/load 0, 1, 0;
    %assign/v0 v0x12115a0_0, 0, 0;
    %movi 12, 3, 3;
    %ix/load 0, 3, 0;
    %assign/v0 v0x1211620_0, 0, 12;
    %jmp T_4.27;
T_4.20 ;
    %movi 8, 16, 7;
    %ix/load 0, 7, 0;
    %assign/v0 v0x12117a0_0, 0, 8;
    %movi 8, 2, 4;
    %ix/load 0, 4, 0;
    %assign/v0 v0x1211520_0, 0, 8;
    %ix/load 0, 1, 0;
    %assign/v0 v0x12116a0_0, 0, 1;
    %ix/load 0, 1, 0;
    %assign/v0 v0x12115a0_0, 0, 0;
    %ix/load 0, 3, 0;
    %assign/v0 v0x1211620_0, 0, 1;
    %jmp T_4.27;
T_4.21 ;
    %movi 8, 20, 7;
    %ix/load 0, 7, 0;
    %assign/v0 v0x12117a0_0, 0, 8;
    %movi 8, 2, 4;
    %ix/load 0, 4, 0;
    %assign/v0 v0x1211520_0, 0, 8;
    %ix/load 0, 1, 0;
    %assign/v0 v0x12116a0_0, 0, 1;
    %ix/load 0, 1, 0;
    %assign/v0 v0x12115a0_0, 0, 0;
    %ix/load 0, 3, 0;
    %assign/v0 v0x1211620_0, 0, 1;
    %jmp T_4.27;
T_4.22 ;
    %movi 8, 18, 7;
    %ix/load 0, 7, 0;
    %assign/v0 v0x12117a0_0, 0, 8;
    %movi 8, 2, 4;
    %ix/load 0, 4, 0;
    %assign/v0 v0x1211520_0, 0, 8;
    %ix/load 0, 1, 0;
    %assign/v0 v0x12116a0_0, 0, 0;
    %ix/load 0, 1, 0;
    %assign/v0 v0x12115a0_0, 0, 1;
    %ix/load 0, 3, 0;
    %assign/v0 v0x1211620_0, 0, 1;
    %jmp T_4.27;
T_4.23 ;
    %movi 8, 26, 7;
    %ix/load 0, 7, 0;
    %assign/v0 v0x12117a0_0, 0, 8;
    %movi 8, 2, 4;
    %ix/load 0, 4, 0;
    %assign/v0 v0x1211520_0, 0, 8;
    %ix/load 0, 1, 0;
    %assign/v0 v0x12116a0_0, 0, 0;
    %ix/load 0, 1, 0;
    %assign/v0 v0x12115a0_0, 0, 1;
    %ix/load 0, 3, 0;
    %assign/v0 v0x1211620_0, 0, 1;
    %jmp T_4.27;
T_4.24 ;
    %movi 8, 18, 7;
    %ix/load 0, 7, 0;
    %assign/v0 v0x12117a0_0, 0, 8;
    %ix/load 0, 4, 0;
    %assign/v0 v0x1211520_0, 0, 1;
    %ix/load 0, 1, 0;
    %assign/v0 v0x12116a0_0, 0, 0;
    %ix/load 0, 1, 0;
    %assign/v0 v0x12115a0_0, 0, 0;
    %movi 8, 4, 3;
    %ix/load 0, 3, 0;
    %assign/v0 v0x1211620_0, 0, 8;
    %jmp T_4.27;
T_4.25 ;
    %movi 8, 51, 7;
    %ix/load 0, 7, 0;
    %assign/v0 v0x12117a0_0, 0, 8;
    %ix/load 0, 4, 0;
    %assign/v0 v0x1211520_0, 0, 1;
    %ix/load 0, 1, 0;
    %assign/v0 v0x12116a0_0, 0, 1;
    %ix/load 0, 1, 0;
    %assign/v0 v0x12115a0_0, 0, 0;
    %movi 8, 5, 3;
    %ix/load 0, 3, 0;
    %assign/v0 v0x1211620_0, 0, 8;
    %jmp T_4.27;
T_4.27 ;
T_4.1 ;
    %jmp T_4;
    .thread T_4, $push;
    .scope S_0x120f7e0;
T_5 ;
    %wait E_0x120c6a0;
    %load/v 8, v0x12110c0_0, 1;
    %jmp/0xz  T_5.0, 8;
    %ix/load 0, 1, 0;
    %assign/v0 v0x120fcd0_0, 0, 0;
    %ix/load 0, 1, 0;
    %assign/v0 v0x120fe60_0, 0, 0;
    %ix/load 0, 1, 0;
    %assign/v0 v0x120fc20_0, 0, 0;
    %ix/load 0, 1, 0;
    %assign/v0 v0x120fa90_0, 0, 0;
    %ix/load 0, 1, 0;
    %assign/v0 v0x120fb40_0, 0, 0;
    %ix/load 0, 1, 0;
    %assign/v0 v0x1210240_0, 0, 0;
    %ix/load 0, 1, 0;
    %assign/v0 v0x120ff30_0, 0, 0;
    %ix/load 0, 3, 0;
    %assign/v0 v0x120f9e0_0, 0, 1;
    %ix/load 0, 18, 0;
    %assign/v0 v0x120fde0_0, 0, 0;
    %ix/load 0, 4, 0;
    %assign/v0 v0x120f960_0, 0, 0;
    %ix/load 0, 5, 0;
    %assign/v0 v0x1210500_0, 0, 0;
    %ix/load 0, 32, 0;
    %assign/v0 v0x1210090_0, 0, 0;
    %ix/load 0, 32, 0;
    %assign/v0 v0x12101c0_0, 0, 0;
    %ix/load 0, 16, 0;
    %assign/v0 v0x12103f0_0, 0, 0;
    %ix/load 0, 32, 0;
    %assign/v0 v0x12102c0_0, 0, 0;
    %ix/load 0, 5, 0;
    %assign/v0 v0x1210370_0, 0, 0;
    %ix/load 0, 5, 0;
    %assign/v0 v0x120ffb0_0, 0, 0;
    %ix/load 0, 5, 0;
    %assign/v0 v0x1210110_0, 0, 0;
    %jmp T_5.1;
T_5.0 ;
    %load/v 8, v0x1210620_0, 1;
    %jmp/0xz  T_5.2, 8;
    %ix/load 0, 1, 0;
    %assign/v0 v0x120fcd0_0, 0, 0;
    %ix/load 0, 1, 0;
    %assign/v0 v0x120fe60_0, 0, 0;
    %ix/load 0, 1, 0;
    %assign/v0 v0x120fc20_0, 0, 0;
    %ix/load 0, 1, 0;
    %assign/v0 v0x120fa90_0, 0, 0;
    %ix/load 0, 1, 0;
    %assign/v0 v0x120fb40_0, 0, 0;
    %ix/load 0, 1, 0;
    %assign/v0 v0x1210240_0, 0, 0;
    %ix/load 0, 1, 0;
    %assign/v0 v0x120ff30_0, 0, 0;
    %ix/load 0, 3, 0;
    %assign/v0 v0x120f9e0_0, 0, 1;
    %ix/load 0, 18, 0;
    %assign/v0 v0x120fde0_0, 0, 0;
    %ix/load 0, 4, 0;
    %assign/v0 v0x120f960_0, 0, 0;
    %ix/load 0, 5, 0;
    %assign/v0 v0x1210500_0, 0, 0;
    %ix/load 0, 32, 0;
    %assign/v0 v0x1210090_0, 0, 0;
    %ix/load 0, 32, 0;
    %assign/v0 v0x12101c0_0, 0, 0;
    %ix/load 0, 16, 0;
    %assign/v0 v0x12103f0_0, 0, 0;
    %ix/load 0, 32, 0;
    %assign/v0 v0x12102c0_0, 0, 0;
    %ix/load 0, 5, 0;
    %assign/v0 v0x1210370_0, 0, 0;
    %ix/load 0, 5, 0;
    %assign/v0 v0x120ffb0_0, 0, 0;
    %ix/load 0, 5, 0;
    %assign/v0 v0x1210110_0, 0, 0;
    %jmp T_5.3;
T_5.2 ;
    %load/v 8, v0x1210850_0, 1;
    %ix/load 0, 1, 0;
    %assign/v0 v0x120fcd0_0, 0, 8;
    %load/v 8, v0x1210990_0, 1;
    %ix/load 0, 1, 0;
    %assign/v0 v0x120fe60_0, 0, 8;
    %load/v 8, v0x1210910_0, 1;
    %ix/load 0, 1, 0;
    %assign/v0 v0x120fc20_0, 0, 8;
    %load/v 8, v0x12107d0_0, 1;
    %ix/load 0, 1, 0;
    %assign/v0 v0x120fa90_0, 0, 8;
    %load/v 8, v0x12106a0_0, 1;
    %ix/load 0, 1, 0;
    %assign/v0 v0x120fb40_0, 0, 8;
    %load/v 8, v0x1210db0_0, 1;
    %ix/load 0, 1, 0;
    %assign/v0 v0x1210240_0, 0, 8;
    %load/v 8, v0x1210bc0_0, 1;
    %ix/load 0, 1, 0;
    %assign/v0 v0x120ff30_0, 0, 8;
    %load/v 8, v0x1210750_0, 3;
    %ix/load 0, 3, 0;
    %assign/v0 v0x120f9e0_0, 0, 8;
    %load/v 8, v0x1210a60_0, 18;
    %ix/load 0, 18, 0;
    %assign/v0 v0x120fde0_0, 0, 8;
    %load/v 8, v0x1210470_0, 4;
    %ix/load 0, 4, 0;
    %assign/v0 v0x120f960_0, 0, 8;
    %load/v 8, v0x12111f0_0, 5;
    %ix/load 0, 5, 0;
    %assign/v0 v0x1210500_0, 0, 8;
    %load/v 8, v0x1210d30_0, 32;
    %ix/load 0, 32, 0;
    %assign/v0 v0x1210090_0, 0, 8;
    %load/v 8, v0x1210eb0_0, 32;
    %ix/load 0, 32, 0;
    %assign/v0 v0x12101c0_0, 0, 8;
    %load/v 8, v0x1210f30_0, 16;
    %ix/load 0, 16, 0;
    %assign/v0 v0x12103f0_0, 0, 8;
    %load/v 8, v0x1210fb0_0, 32;
    %ix/load 0, 32, 0;
    %assign/v0 v0x12102c0_0, 0, 8;
    %load/v 8, v0x1211040_0, 5;
    %ix/load 0, 5, 0;
    %assign/v0 v0x1210370_0, 0, 8;
    %load/v 8, v0x1210ae0_0, 5;
    %ix/load 0, 5, 0;
    %assign/v0 v0x120ffb0_0, 0, 8;
    %load/v 8, v0x1210c40_0, 5;
    %ix/load 0, 5, 0;
    %assign/v0 v0x1210110_0, 0, 8;
T_5.3 ;
T_5.1 ;
    %jmp T_5;
    .thread T_5;
    .scope S_0x120f490;
T_6 ;
    %wait E_0x120f0f0;
    %load/v 8, v0x120f5c0_0, 3;
    %cmpi/u 8, 0, 3;
    %jmp/1 T_6.0, 6;
    %cmpi/u 8, 1, 3;
    %jmp/1 T_6.1, 6;
    %cmpi/u 8, 2, 3;
    %jmp/1 T_6.2, 6;
    %cmpi/u 8, 3, 3;
    %jmp/1 T_6.3, 6;
    %cmpi/u 8, 4, 3;
    %jmp/1 T_6.4, 6;
    %cmpi/u 8, 5, 3;
    %jmp/1 T_6.5, 6;
    %ix/load 0, 2, 0;
    %assign/v0 v0x120f680_0, 0, 0;
    %jmp T_6.7;
T_6.0 ;
    %movi 8, 2, 2;
    %ix/load 0, 2, 0;
    %assign/v0 v0x120f680_0, 0, 8;
    %jmp T_6.7;
T_6.1 ;
    %movi 8, 2, 2;
    %ix/load 0, 2, 0;
    %assign/v0 v0x120f680_0, 0, 8;
    %jmp T_6.7;
T_6.2 ;
    %load/v 8, v0x120f730_0, 1;
    %mov 9, 0, 1;
    %cmpi/u 8, 0, 2;
    %jmp/0xz  T_6.8, 4;
    %movi 8, 1, 2;
    %ix/load 0, 2, 0;
    %assign/v0 v0x120f680_0, 0, 8;
    %jmp T_6.9;
T_6.8 ;
    %ix/load 0, 2, 0;
    %assign/v0 v0x120f680_0, 0, 0;
T_6.9 ;
    %jmp T_6.7;
T_6.3 ;
    %load/v 8, v0x120f730_0, 1;
    %mov 9, 0, 1;
    %cmpi/u 8, 0, 2;
    %inv 4, 1;
    %jmp/0xz  T_6.10, 4;
    %movi 8, 1, 2;
    %ix/load 0, 2, 0;
    %assign/v0 v0x120f680_0, 0, 8;
    %jmp T_6.11;
T_6.10 ;
    %ix/load 0, 2, 0;
    %assign/v0 v0x120f680_0, 0, 0;
T_6.11 ;
    %jmp T_6.7;
T_6.4 ;
    %ix/load 0, 2, 0;
    %assign/v0 v0x120f680_0, 0, 1;
    %jmp T_6.7;
T_6.5 ;
    %ix/load 0, 2, 0;
    %assign/v0 v0x120f680_0, 0, 1;
    %jmp T_6.7;
T_6.7 ;
    %jmp T_6;
    .thread T_6, $push;
    .scope S_0x120ec70;
T_7 ;
    %wait E_0x120ea20;
    %ix/load 0, 1, 0;
    %assign/v0 v0x120f3f0_0, 0, 1;
    %ix/load 0, 1, 0;
    %assign/v0 v0x120f300_0, 0, 1;
    %ix/load 0, 1, 0;
    %assign/v0 v0x120f070_0, 0, 0;
    %ix/load 0, 1, 0;
    %assign/v0 v0x120f260_0, 0, 0;
    %load/v 8, v0x120ef10_0, 1;
    %inv 8, 1;
    %load/v 9, v0x120efc0_0, 5;
    %cmpi/u 9, 0, 5;
    %inv 4, 1;
    %mov 9, 4, 1;
    %and 8, 9, 1;
    %load/v 9, v0x120efc0_0, 5;
    %load/v 14, v0x120f120_0, 5;
    %cmp/u 9, 14, 5;
    %mov 9, 4, 1;
    %load/v 10, v0x120efc0_0, 5;
    %load/v 15, v0x120f1a0_0, 5;
    %cmp/u 10, 15, 5;
    %or 9, 4, 1;
    %and 8, 9, 1;
    %jmp/0xz  T_7.0, 8;
    %ix/load 0, 1, 0;
    %assign/v0 v0x120f300_0, 0, 0;
    %ix/load 0, 1, 0;
    %assign/v0 v0x120f070_0, 0, 1;
    %ix/load 0, 1, 0;
    %assign/v0 v0x120f3f0_0, 0, 0;
T_7.0 ;
    %load/v 8, v0x120ee50_0, 2;
    %mov 10, 0, 1;
    %cmpi/u 8, 0, 3;
    %inv 4, 1;
    %jmp/0xz  T_7.2, 4;
    %ix/load 0, 1, 0;
    %assign/v0 v0x120f3f0_0, 0, 1;
    %ix/load 0, 1, 0;
    %assign/v0 v0x120f300_0, 0, 0;
    %ix/load 0, 1, 0;
    %assign/v0 v0x120f260_0, 0, 1;
    %ix/load 0, 1, 0;
    %assign/v0 v0x120f070_0, 0, 1;
T_7.2 ;
    %jmp T_7;
    .thread T_7, $push;
    .scope S_0x120e6f0;
T_8 ;
    %wait E_0x120e540;
    %load/v 8, v0x120e7e0_0, 4;
    %cmpi/u 8, 0, 4;
    %jmp/1 T_8.0, 6;
    %cmpi/u 8, 1, 4;
    %jmp/1 T_8.1, 6;
    %cmpi/u 8, 2, 4;
    %jmp/1 T_8.2, 6;
    %cmpi/u 8, 6, 4;
    %jmp/1 T_8.3, 6;
    %cmpi/u 8, 7, 4;
    %jmp/1 T_8.4, 6;
    %cmpi/u 8, 9, 4;
    %jmp/1 T_8.5, 6;
    %cmpi/u 8, 10, 4;
    %jmp/1 T_8.6, 6;
    %cmpi/u 8, 11, 4;
    %jmp/1 T_8.7, 6;
    %cmpi/u 8, 12, 4;
    %jmp/1 T_8.8, 6;
    %cmpi/u 8, 13, 4;
    %jmp/1 T_8.9, 6;
    %ix/load 0, 32, 0;
    %assign/v0 v0x120e860_0, 0, 0;
    %jmp T_8.11;
T_8.0 ;
    %load/v 8, v0x120eaf0_0, 32;
    %load/v 40, v0x120ebd0_0, 32;
    %and 8, 40, 32;
    %ix/load 0, 32, 0;
    %assign/v0 v0x120e860_0, 0, 8;
    %jmp T_8.11;
T_8.1 ;
    %load/v 8, v0x120eaf0_0, 32;
    %load/v 40, v0x120ebd0_0, 32;
    %or 8, 40, 32;
    %ix/load 0, 32, 0;
    %assign/v0 v0x120e860_0, 0, 8;
    %jmp T_8.11;
T_8.2 ;
    %load/v 8, v0x120eaf0_0, 32;
    %load/v 40, v0x120ebd0_0, 32;
    %add 8, 40, 32;
    %ix/load 0, 32, 0;
    %assign/v0 v0x120e860_0, 0, 8;
    %jmp T_8.11;
T_8.3 ;
    %load/v 8, v0x120eaf0_0, 32;
    %load/v 40, v0x120ebd0_0, 32;
    %sub 8, 40, 32;
    %ix/load 0, 32, 0;
    %assign/v0 v0x120e860_0, 0, 8;
    %jmp T_8.11;
T_8.4 ;
    %load/v 8, v0x120eaf0_0, 32;
    %load/v 40, v0x120ebd0_0, 32;
    %sub 8, 40, 32;
    %ix/load 0, 31, 0;
    %mov 4, 0, 1;
    %shiftr/i0  8, 32;
    %ix/load 0, 32, 0;
    %assign/v0 v0x120e860_0, 0, 8;
    %jmp T_8.11;
T_8.5 ;
    %load/v 8, v0x120eaf0_0, 32;
    %load/v 40, v0x120ebd0_0, 32;
    %or 8, 40, 32;
    %inv 8, 32;
    %ix/load 0, 32, 0;
    %assign/v0 v0x120e860_0, 0, 8;
    %jmp T_8.11;
T_8.6 ;
    %load/v 8, v0x120eaf0_0, 32;
    %load/v 40, v0x120ebd0_0, 32;
    %xor 8, 40, 32;
    %ix/load 0, 32, 0;
    %assign/v0 v0x120e860_0, 0, 8;
    %jmp T_8.11;
T_8.7 ;
    %load/v 8, v0x120ebd0_0, 32;
    %load/v 40, v0x120ea50_0, 5;
    %ix/get 0, 40, 5;
    %shiftl/i0  8, 32;
    %ix/load 0, 32, 0;
    %assign/v0 v0x120e860_0, 0, 8;
    %jmp T_8.11;
T_8.8 ;
    %load/v 8, v0x120ebd0_0, 32;
    %load/v 40, v0x120ea50_0, 5;
    %ix/get 0, 40, 5;
    %shiftr/i0  8, 32;
    %ix/load 0, 32, 0;
    %assign/v0 v0x120e860_0, 0, 8;
    %jmp T_8.11;
T_8.9 ;
    %load/v 40, v0x120eaf0_0, 32;
    %load/v 72, v0x120ebd0_0, 32;
    %cmp/u 40, 72, 32;
    %mov 40, 4, 1;
    %mov 8, 40, 1;
    %mov 9, 0, 31;
    %ix/load 0, 32, 0;
    %assign/v0 v0x120e860_0, 0, 8;
    %jmp T_8.11;
T_8.11 ;
    %jmp T_8;
    .thread T_8, $push;
    .scope S_0x120d560;
T_9 ;
    %wait E_0x120c6a0;
    %load/v 8, v0x120e5b0_0, 1;
    %jmp/0xz  T_9.0, 8;
    %ix/load 0, 1, 0;
    %assign/v0 v0x120e150_0, 0, 0;
    %ix/load 0, 1, 0;
    %assign/v0 v0x120e0b0_0, 0, 0;
    %ix/load 0, 1, 0;
    %assign/v0 v0x120e030_0, 0, 0;
    %ix/load 0, 32, 0;
    %assign/v0 v0x120dde0_0, 0, 0;
    %ix/load 0, 32, 0;
    %assign/v0 v0x120e2e0_0, 0, 0;
    %ix/load 0, 18, 0;
    %assign/v0 v0x120e1d0_0, 0, 0;
    %ix/load 0, 5, 0;
    %assign/v0 v0x120e480_0, 0, 0;
    %ix/load 0, 1, 0;
    %assign/v0 v0x120de80_0, 0, 0;
    %ix/load 0, 1, 0;
    %assign/v0 v0x120df90_0, 0, 0;
    %ix/load 0, 1, 0;
    %assign/v0 v0x120e400_0, 0, 0;
    %jmp T_9.1;
T_9.0 ;
    %load/v 8, v0x120d980_0, 1;
    %ix/load 0, 1, 0;
    %assign/v0 v0x120e150_0, 0, 8;
    %load/v 8, v0x120db00_0, 1;
    %ix/load 0, 1, 0;
    %assign/v0 v0x120e0b0_0, 0, 8;
    %load/v 8, v0x120d900_0, 1;
    %ix/load 0, 1, 0;
    %assign/v0 v0x120e030_0, 0, 8;
    %load/v 8, v0x120d720_0, 32;
    %ix/load 0, 32, 0;
    %assign/v0 v0x120dde0_0, 0, 8;
    %load/v 8, v0x120dba0_0, 32;
    %ix/load 0, 32, 0;
    %assign/v0 v0x120e2e0_0, 0, 8;
    %load/v 8, v0x120da20_0, 18;
    %ix/load 0, 18, 0;
    %assign/v0 v0x120e1d0_0, 0, 8;
    %load/v 8, v0x120dce0_0, 5;
    %ix/load 0, 5, 0;
    %assign/v0 v0x120e480_0, 0, 8;
    %load/v 8, v0x120d7c0_0, 1;
    %ix/load 0, 1, 0;
    %assign/v0 v0x120de80_0, 0, 8;
    %load/v 8, v0x120d860_0, 1;
    %ix/load 0, 1, 0;
    %assign/v0 v0x120df90_0, 0, 8;
    %load/v 8, v0x120dc40_0, 1;
    %ix/load 0, 1, 0;
    %assign/v0 v0x120e400_0, 0, 8;
T_9.1 ;
    %jmp T_9;
    .thread T_9;
    .scope S_0x120cb80;
T_10 ;
    %wait E_0x120c6a0;
    %load/v 8, v0x120d450_0, 1;
    %jmp/0xz  T_10.0, 8;
    %ix/load 0, 1, 0;
    %assign/v0 v0x120d140_0, 0, 0;
    %ix/load 0, 1, 0;
    %assign/v0 v0x120d1c0_0, 0, 0;
    %ix/load 0, 32, 0;
    %assign/v0 v0x120d080_0, 0, 0;
    %ix/load 0, 32, 0;
    %assign/v0 v0x120d240_0, 0, 0;
    %ix/load 0, 5, 0;
    %assign/v0 v0x120d2c0_0, 0, 0;
    %jmp T_10.1;
T_10.0 ;
    %load/v 8, v0x120cdd0_0, 1;
    %ix/load 0, 1, 0;
    %assign/v0 v0x120d140_0, 0, 8;
    %load/v 8, v0x120ce70_0, 1;
    %ix/load 0, 1, 0;
    %assign/v0 v0x120d1c0_0, 0, 8;
    %load/v 8, v0x120cd10_0, 32;
    %ix/load 0, 32, 0;
    %assign/v0 v0x120d080_0, 0, 8;
    %load/v 8, v0x120cf20_0, 32;
    %ix/load 0, 32, 0;
    %assign/v0 v0x120d240_0, 0, 8;
    %load/v 8, v0x120cfd0_0, 5;
    %ix/load 0, 5, 0;
    %assign/v0 v0x120d2c0_0, 0, 8;
T_10.1 ;
    %jmp T_10;
    .thread T_10;
    .scope S_0x11cf9e0;
T_11 ;
    %wait E_0x11b2930;
    %ix/load 0, 1, 0;
    %assign/v0 v0x120c580_0, 0, 0;
    %ix/load 0, 1, 0;
    %assign/v0 v0x120c620_0, 0, 1;
    %ix/load 0, 1, 0;
    %assign/v0 v0x120c6d0_0, 0, 0;
    %ix/load 0, 1, 0;
    %assign/v0 v0x120c770_0, 0, 1;
    %load/v 8, v0x120c9e0_0, 1;
    %jmp/0xz  T_11.0, 8;
    %load/v 8, v0x120ca80_0, 5;
    %mov 13, 0, 1;
    %cmpi/u 8, 0, 6;
    %inv 4, 1;
    %mov 8, 4, 1;
    %load/v 9, v0x120ca80_0, 5;
    %load/v 14, v0x1186470_0, 5;
    %cmp/u 9, 14, 5;
    %mov 9, 4, 1;
    %and 8, 9, 1;
    %jmp/0xz  T_11.2, 8;
    %ix/load 0, 1, 0;
    %assign/v0 v0x120c580_0, 0, 1;
    %ix/load 0, 1, 0;
    %assign/v0 v0x120c620_0, 0, 0;
T_11.2 ;
    %load/v 8, v0x120ca80_0, 5;
    %mov 13, 0, 1;
    %cmpi/u 8, 0, 6;
    %inv 4, 1;
    %mov 8, 4, 1;
    %load/v 9, v0x120ca80_0, 5;
    %load/v 14, v0x120c4e0_0, 5;
    %cmp/u 9, 14, 5;
    %mov 9, 4, 1;
    %and 8, 9, 1;
    %jmp/0xz  T_11.4, 8;
    %ix/load 0, 1, 0;
    %assign/v0 v0x120c6d0_0, 0, 1;
    %ix/load 0, 1, 0;
    %assign/v0 v0x120c770_0, 0, 0;
T_11.4 ;
T_11.0 ;
    %load/v 8, v0x120c850_0, 1;
    %jmp/0xz  T_11.6, 8;
    %load/v 8, v0x120c8f0_0, 5;
    %mov 13, 0, 1;
    %cmpi/u 8, 0, 6;
    %inv 4, 1;
    %mov 8, 4, 1;
    %load/v 9, v0x120c8f0_0, 5;
    %load/v 14, v0x1186470_0, 5;
    %cmp/u 9, 14, 5;
    %mov 9, 4, 1;
    %and 8, 9, 1;
    %jmp/0xz  T_11.8, 8;
    %ix/load 0, 1, 0;
    %assign/v0 v0x120c580_0, 0, 0;
    %ix/load 0, 1, 0;
    %assign/v0 v0x120c620_0, 0, 0;
T_11.8 ;
    %load/v 8, v0x120c8f0_0, 5;
    %mov 13, 0, 1;
    %cmpi/u 8, 0, 6;
    %inv 4, 1;
    %mov 8, 4, 1;
    %load/v 9, v0x120c8f0_0, 5;
    %load/v 14, v0x120c4e0_0, 5;
    %cmp/u 9, 14, 5;
    %mov 9, 4, 1;
    %and 8, 9, 1;
    %jmp/0xz  T_11.10, 8;
    %ix/load 0, 1, 0;
    %assign/v0 v0x120c6d0_0, 0, 0;
    %ix/load 0, 1, 0;
    %assign/v0 v0x120c770_0, 0, 0;
T_11.10 ;
T_11.6 ;
    %jmp T_11;
    .thread T_11, $push;
    .scope S_0x11d2df0;
T_12 ;
    %wait E_0x11b12b0;
    %load/v 8, v0x1213760_0, 2;
    %cmpi/u 8, 0, 2;
    %jmp/1 T_12.0, 6;
    %cmpi/u 8, 1, 2;
    %jmp/1 T_12.1, 6;
    %cmpi/u 8, 2, 2;
    %jmp/1 T_12.2, 6;
    %cmpi/u 8, 3, 2;
    %jmp/1 T_12.3, 6;
    %jmp T_12.4;
T_12.0 ;
    %load/v 8, v0x1212e70_0, 18;
    %ix/load 0, 18, 0;
    %assign/v0 v0x12161b0_0, 0, 8;
    %jmp T_12.4;
T_12.1 ;
    %load/v 8, v0x1212fb0_0, 18;
    %ix/load 0, 18, 0;
    %assign/v0 v0x12161b0_0, 0, 8;
    %jmp T_12.4;
T_12.2 ;
    %load/v 8, v0x1214490_0, 18; Only need 18 of 32 bits
; Save base=8 wid=18 in lookaside.
    %ix/load 0, 18, 0;
    %assign/v0 v0x12161b0_0, 0, 8;
    %jmp T_12.4;
T_12.3 ;
    %load/v 8, v0x1214220_0, 16;
    %mov 24, 0, 2;
    %ix/load 0, 2, 0;
    %mov 4, 0, 1;
    %shiftl/i0  8, 18;
    %ix/load 0, 18, 0;
    %assign/v0 v0x12161b0_0, 0, 8;
    %jmp T_12.4;
T_12.4 ;
    %jmp T_12;
    .thread T_12, $push;
    .scope S_0x11d47e0;
T_13 ;
    %delay 500, 0;
    %load/v 8, v0x1219ca0_0, 1;
    %inv 8, 1;
    %set/v v0x1219ca0_0, 8, 1;
    %jmp T_13;
    .thread T_13;
    .scope S_0x11d47e0;
T_14 ;
    %delay 1000000, 0;
    %vpi_call 2 65 "$display", "================================================================================================================";
    %vpi_call 2 66 "$display", "--------------------------- (/`n`)/ ~#  There was something wrong with your code !! ---------------------------";
    %vpi_call 2 67 "$display", "------------------ The simulation can't finished!!, Please check Branch, Jtype or jr is work or not !!! -------";
    %vpi_call 2 68 "$display", "================================================================================================================";
    %vpi_call 2 69 "$finish";
    %end;
    .thread T_14;
    .scope S_0x11d47e0;
T_15 ;
    %set/v v0x1219e20_0, 0, 1;
    %vpi_call 2 77 "$display", "[ testfuxture1.v ] Rtype test START !!";
T_15.0 ;
    %load/v 8, v0x1219b00_0, 16;
    %mov 24, 0, 1;
    %cmpi/u 8, 31, 17;
    %cmpi/u 4, 1, 1;
    %inv 6, 1;
    %jmp/0xz T_15.1, 6;
    %wait E_0x11e04e0;
    %jmp T_15.0;
T_15.1 ;
    %delay 4000, 0;
    %set/v v0x1219f80_0, 0, 32;
T_15.2 ;
    %load/v 8, v0x1219f80_0, 32;
   %cmpi/s 8, 10, 32;
    %jmp/0xz T_15.3, 5;
    %ix/getv/s 3, v0x1219f80_0;
    %load/av 8, v0x1219f00, 32;
    %ix/getv/s 3, v0x1219f80_0;
    %load/av 40, v0x1218e30, 32;
    %cmp/u 8, 40, 32;
    %inv 4, 1;
    %jmp/0xz  T_15.4, 4;
    %vpi_call 2 82 "$display", "DM_data[%d] = %h  ERROR, EXPECT DM_data[%d]= %h ", v0x1219f80_0, &A<v0x1218e30, v0x1219f80_0 >, v0x1219f80_0, &A<v0x1219f00, v0x1219f80_0 >;
    %set/v v0x1219e20_0, 1, 1;
T_15.4 ;
    %ix/load 0, 1, 0;
    %load/vp0/s 8, v0x1219f80_0, 32;
    %set/v v0x1219f80_0, 8, 32;
    %jmp T_15.2;
T_15.3 ;
    %load/v 8, v0x1219e20_0, 1;
    %jmp/0xz  T_15.6, 8;
    %vpi_call 2 87 "$display", "============================================================================================";
    %vpi_call 2 88 "$display", "\012 (T_T)  The Rtype result of DM_data is FAIL(include addi)!!! there have some errors in all.\012";
    %vpi_call 2 89 "$display", "============================================================================================";
    %vpi_call 2 90 "$finish";
    %jmp T_15.7;
T_15.6 ;
    %vpi_call 2 93 "$display", "============================================================================";
    %vpi_call 2 94 "$display", "\012 \134(^o^)/  The Rtype result of DM_data is PASS!!!\012";
    %vpi_call 2 95 "$display", "============================================================================";
T_15.7 ;
    %set/v v0x121a110_0, 0, 1;
    %set/v v0x1219d20_0, 0, 1;
    %vpi_call 2 101 "$display", "[ testfuxture1.v ] Itype test START !!";
T_15.8 ;
    %load/v 8, v0x1219b00_0, 16;
    %mov 24, 0, 1;
    %cmpi/u 8, 42, 17;
    %cmpi/u 4, 1, 1;
    %inv 6, 1;
    %jmp/0xz T_15.9, 6;
    %wait E_0x11e04e0;
    %jmp T_15.8;
T_15.9 ;
    %set/v v0x121a110_0, 1, 1;
    %delay 4000, 0;
    %movi 8, 10, 32;
    %set/v v0x1219f80_0, 8, 32;
T_15.10 ;
    %load/v 8, v0x1219f80_0, 32;
   %cmpi/s 8, 15, 32;
    %jmp/0xz T_15.11, 5;
    %ix/getv/s 3, v0x1219f80_0;
    %load/av 8, v0x1219f00, 32;
    %ix/getv/s 3, v0x1219f80_0;
    %load/av 40, v0x1218e30, 32;
    %cmp/u 8, 40, 32;
    %inv 4, 1;
    %jmp/0xz  T_15.12, 4;
    %vpi_call 2 107 "$display", "DM_data[%d] = %h  ERROR, EXPECT DM_data[%d]= %h ", v0x1219f80_0, &A<v0x1218e30, v0x1219f80_0 >, v0x1219f80_0, &A<v0x1219f00, v0x1219f80_0 >;
    %set/v v0x1219d20_0, 1, 1;
T_15.12 ;
    %ix/load 0, 1, 0;
    %load/vp0/s 8, v0x1219f80_0, 32;
    %set/v v0x1219f80_0, 8, 32;
    %jmp T_15.10;
T_15.11 ;
    %load/v 8, v0x1219d20_0, 1;
    %jmp/0xz  T_15.14, 8;
    %vpi_call 2 112 "$display", "============================================================================================";
    %vpi_call 2 113 "$display", "\012 (T_T)  The Itype result of DM_data is FAIL!!! there have some errors in all.\012";
    %vpi_call 2 114 "$display", "============================================================================================";
    %vpi_call 2 115 "$finish";
    %jmp T_15.15;
T_15.14 ;
    %vpi_call 2 118 "$display", "============================================================================";
    %vpi_call 2 119 "$display", "\012 \134(^o^)/  The Itype result of DM_data is PASS!!!\012";
    %vpi_call 2 120 "$display", "============================================================================";
T_15.15 ;
    %end;
    .thread T_15;
    .scope S_0x11d47e0;
T_16 ;
    %delay 1000, 0;
T_16.0 ;
    %load/v 8, v0x121a110_0, 1;
    %cmpi/u 8, 1, 1;
    %inv 6, 1;
    %jmp/0xz T_16.1, 6;
    %wait E_0x11e2780;
    %jmp T_16.0;
T_16.1 ;
    %set/v v0x1219da0_0, 0, 1;
T_16.2 ;
    %load/v 8, v0x1219b00_0, 16;
    %mov 24, 0, 1;
    %cmpi/u 8, 44, 17;
    %cmpi/u 4, 1, 1;
    %inv 6, 1;
    %jmp/0xz T_16.3, 6;
    %wait E_0x11e04e0;
    %jmp T_16.2;
T_16.3 ;
    %delay 4000, 0;
    %vpi_call 2 130 "$display", "[ testfuxture1.v ] Jtype test START !!";
    %load/v 8, v0x1219b00_0, 16;
    %mov 24, 0, 1;
   %cmpi/u 8, 51, 17;
    %jmp/0xz  T_16.4, 5;
    %set/v v0x1219da0_0, 1, 1;
T_16.4 ;
    %delay 5000, 0;
    %movi 8, 54, 17;
    %load/v 25, v0x1219b00_0, 16;
    %mov 41, 0, 1;
    %cmp/u 8, 25, 17;
    %jmp/0xz  T_16.6, 5;
    %set/v v0x1219da0_0, 1, 1;
T_16.6 ;
    %load/v 8, v0x1219da0_0, 1;
    %jmp/0xz  T_16.8, 8;
    %vpi_call 2 139 "$display", "============================================================================================";
    %vpi_call 2 140 "$display", "\012 (T_T) The Jtype or Jr result of DM_data is FAIL!!! there have some errors in all.\012";
    %vpi_call 2 141 "$display", "============================================================================================";
    %vpi_call 2 142 "$finish";
T_16.8 ;
T_16.10 ;
    %load/v 8, v0x1219b00_0, 16;
    %mov 24, 0, 1;
    %cmpi/u 8, 60, 17;
    %cmpi/u 4, 1, 1;
    %inv 6, 1;
    %jmp/0xz T_16.11, 6;
    %wait E_0x11e04e0;
    %jmp T_16.10;
T_16.11 ;
    %vpi_call 2 145 "$display", "============================================================================";
    %vpi_call 2 146 "$display", "\012 \134(^o^)/  The Jtype result of DM_data is PASS!!!\012";
    %vpi_call 2 147 "$display", "============================================================================";
    %vpi_call 2 148 "$display", "\012";
    %vpi_call 2 149 "$display", "        Pipeline CPU\011\011\011\011            ";
    %vpi_call 2 150 "$display", "        ****************************              ";
    %vpi_call 2 151 "$display", "        **                        **       /|__/|";
    %vpi_call 2 152 "$display", "        **  Congratulations !!    **      / O,O  |";
    %vpi_call 2 153 "$display", "        **                        **    /_____   |";
    %vpi_call 2 154 "$display", "        **  Simulation PASS!!     **   /^ ^ ^ \134  |";
    %vpi_call 2 155 "$display", "        **                        **  |^ ^ ^ ^ |w|";
    %vpi_call 2 156 "$display", "        *************** ************   \134m___m__|_|";
    %vpi_call 2 157 "$display", "         student ID :  F74046242                   ";
    %vpi_call 2 158 "$display", "\012";
    %vpi_call 2 159 "$finish";
    %end;
    .thread T_16;
    .scope S_0x11d47e0;
T_17 ;
    %set/v v0x1219ca0_0, 0, 1;
    %set/v v0x121a090_0, 0, 1;
    %vpi_call 2 166 "$readmemh", "./tb1/IM_data.dat", v0x1219380;
    %vpi_call 2 167 "$readmemh", "./tb1/golden_DM.dat", v0x1219f00;
    %delay 600, 0;
    %set/v v0x121a090_0, 1, 1;
    %delay 1000, 0;
    %set/v v0x121a090_0, 0, 1;
    %end;
    .thread T_17;
    .scope S_0x11d47e0;
T_18 ;
    %vpi_call 2 174 "$dumpfile", "top.vcd";
    %vpi_call 2 175 "$dumpvars";
    %end;
    .thread T_18;
# The file index is used to find the file name in the following table.
:file_names 17;
    "N/A";
    "<interactive>";
    "testfixture1.v";
    "IM.v";
    "DM.v";
    "top.v";
    "PC.v";
    "IF_ID.v";
    "Regfile.v";
    "Controller.v";
    "ID_EX.v";
    "Jump_Ctrl.v";
    "HDU.v";
    "ALU.v";
    "EX_M.v";
    "M_WB.v";
    "FU.v";
