#! /usr/bin/vvp
:ivl_version "0.9.7 " "(v0_9_7)";
:vpi_time_precision - 11;
:vpi_module "system";
:vpi_module "v2005_math";
:vpi_module "va_math";
S_0xbdcd40 .scope module, "testfixture1" "testfixture1" 2 8;
 .timescale -9 -11;
P_0xbdd498 .param/l "bit_size" 2 10, +C4<0100000>;
P_0xbdd4c0 .param/l "mem_size" 2 11, +C4<010000>;
v0xc6a4e0_0 .net "DM_Address", 15 0, L_0xc6c010; 1 drivers
v0xc6a560_0 .net "DM_Read_Data", 31 0, L_0xc6af20; 1 drivers
v0xc6a5e0_0 .net "DM_Write_Data", 31 0, L_0xc6bcc0; 1 drivers
v0xc6a6b0_0 .net "DM_enable", 0 0, v0xc64a70_0; 1 drivers
v0xc6a730_0 .net "IM_Address", 15 0, L_0xc6aff0; 1 drivers
v0xc6a800_0 .net "Instruction", 31 0, L_0xc6ab60; 1 drivers
v0xc6a910_0 .var "clk", 0 0;
v0xc6a990_0 .var "err_I", 0 0;
v0xc6aa60_0 .var "err_J", 0 0;
v0xc6aae0_0 .var "err_R", 0 0;
v0xc6abe0 .array "golden_DM", 99 0, 31 0;
v0xc6ac60_0 .var/i "i", 31 0;
v0xc6ad00_0 .var "rst", 0 0;
E_0xbddea0 .event edge, v0xc66f10_0;
S_0xc69ec0 .scope module, "IM1" "IM" 2 28, 3 3, S_0xbdcd40;
 .timescale 0 0;
P_0xc69fb8 .param/l "bit_size" 3 8, +C4<0100000>;
P_0xc69fe0 .param/l "mem_size" 3 9, +C4<010000>;
L_0xc6ab60 .functor BUFZ 32, L_0xc6ad80, C4<00000000000000000000000000000000>, C4<00000000000000000000000000000000>, C4<00000000000000000000000000000000>;
v0xc6a050_0 .alias "IM_Address", 15 0, v0xc6a730_0;
v0xc6a0d0 .array "IM_data", 65535 0, 31 0;
v0xc6a150_0 .alias "Instruction", 31 0, v0xc6a800_0;
v0xc6a1d0_0 .net *"_s0", 31 0, L_0xc6ad80; 1 drivers
v0xc6a280_0 .net "clk", 0 0, v0xc6a910_0; 1 drivers
v0xc6a390_0 .net "rst", 0 0, v0xc6ad00_0; 1 drivers
L_0xc6ad80 .array/port v0xc6a0d0, L_0xc6aff0;
S_0xc69550 .scope module, "DM1" "DM" 2 35, 4 3, S_0xbdcd40;
 .timescale 0 0;
P_0xc64ff8 .param/l "bit_size" 4 10, +C4<0100000>;
P_0xc65020 .param/l "mem_size" 4 11, +C4<010000>;
L_0xc6af20 .functor BUFZ 32, L_0xc6ae60, C4<00000000000000000000000000000000>, C4<00000000000000000000000000000000>, C4<00000000000000000000000000000000>;
v0xc69680_0 .alias "DM_Address", 15 0, v0xc6a4e0_0;
v0xc69a20_0 .alias "DM_Read_Data", 31 0, v0xc6a560_0;
v0xc69aa0_0 .alias "DM_Write_Data", 31 0, v0xc6a5e0_0;
v0xc69b20 .array "DM_data", 65535 0, 31 0;
v0xc69ba0_0 .alias "DM_enable", 0 0, v0xc6a6b0_0;
v0xc69c70_0 .net *"_s0", 31 0, L_0xc6ae60; 1 drivers
v0xc69cf0_0 .alias "clk", 0 0, v0xc6a280_0;
v0xc69d70_0 .var/i "i", 31 0;
v0xc69e40_0 .alias "rst", 0 0, v0xc6a390_0;
L_0xc6ae60 .array/port v0xc69b20, L_0xc6c010;
S_0xbdd300 .scope module, "top1" "top" 2 44, 5 3, S_0xbdcd40;
 .timescale -9 -11;
P_0xc182d8 .param/l "data_size" 5 15, +C4<0100000>;
P_0xc18300 .param/l "mem_size" 5 16, +C4<010000>;
L_0xc6bcc0 .functor BUFZ 32, L_0xc6d8f0, C4<00000000000000000000000000000000>, C4<00000000000000000000000000000000>, C4<00000000000000000000000000000000>;
v0xc66af0_0 .net "ALUOp", 3 0, v0xc09480_0; 1 drivers
v0xc66b70_0 .net "ALUSrc", 0 0, v0xc649d0_0; 1 drivers
v0xc66bf0_0 .net "ALU_result", 31 0, v0xc65520_0; 1 drivers
v0xc66ca0_0 .alias "DM_Address", 15 0, v0xc6a4e0_0;
v0xc66d50_0 .alias "DM_Read_Data", 31 0, v0xc6a560_0;
v0xc66dd0_0 .alias "DM_Write_Data", 31 0, v0xc6a5e0_0;
v0xc66e90_0 .alias "DM_enable", 0 0, v0xc6a6b0_0;
v0xc66f10_0 .alias "IM_Address", 15 0, v0xc6a730_0;
v0xc66fe0_0 .alias "Instruction", 31 0, v0xc6a800_0;
v0xc67060_0 .net "JControl", 2 0, v0xc64b10_0; 1 drivers
v0xc670e0_0 .net "Jal", 0 0, v0xc64bc0_0; 1 drivers
v0xc67160_0 .net "JumpOP", 1 0, v0xc65b10_0; 1 drivers
v0xc67280_0 .net "MemToReg", 0 0, v0xc64c60_0; 1 drivers
v0xc67330_0 .net "RegDst", 0 0, v0xc64d40_0; 1 drivers
v0xc67460_0 .net "RorI", 31 0, L_0xc6d070; 1 drivers
v0xc67510_0 .net "RtRd", 4 0, L_0xc6cb40; 1 drivers
v0xc673b0_0 .net "WR", 4 0, L_0xc6ce70; 1 drivers
v0xc67650_0 .net "Zero", 0 0, L_0xc6c6d0; 1 drivers
v0xc67770_0 .net *"_s12", 32 0, L_0xc6b4f0; 1 drivers
v0xc677f0_0 .net *"_s15", 14 0, C4<000000000000000>; 1 drivers
v0xc676d0_0 .net *"_s16", 32 0, C4<000000000000000000000000000000100>; 1 drivers
v0xc67920_0 .net *"_s18", 32 0, L_0xc6b6b0; 1 drivers
v0xc67870_0 .net *"_s2", 31 0, L_0xc6b140; 1 drivers
v0xc67a60_0 .net *"_s25", 0 0, L_0xc6bae0; 1 drivers
v0xc679a0_0 .net *"_s26", 15 0, C4<1111111111111111>; 1 drivers
v0xc67bb0_0 .net *"_s28", 31 0, L_0xc6bbd0; 1 drivers
v0xc67ae0_0 .net *"_s30", 15 0, C4<0000000000000000>; 1 drivers
v0xc67d10_0 .net *"_s32", 31 0, L_0xc6bda0; 1 drivers
v0xc67c30_0 .net *"_s5", 13 0, C4<00000000000000>; 1 drivers
v0xc67e80_0 .net *"_s51", 4 0, L_0xc6cbe0; 1 drivers
v0xc67d90_0 .net *"_s53", 4 0, L_0xc6cc80; 1 drivers
v0xc68000_0 .net *"_s56", 4 0, C4<11111>; 1 drivers
v0xc67f00_0 .net *"_s6", 31 0, C4<00000000000000000000000000000100>; 1 drivers
v0xc67f80_0 .net *"_s63", 0 0, L_0xc6d200; 1 drivers
v0xc681a0_0 .net *"_s64", 15 0, C4<1111111111111111>; 1 drivers
v0xc68220_0 .net *"_s67", 15 0, L_0xc6cf10; 1 drivers
v0xc68080_0 .net *"_s68", 31 0, L_0xc6d400; 1 drivers
v0xc68120_0 .net *"_s70", 15 0, C4<0000000000000000>; 1 drivers
v0xc683e0_0 .net *"_s73", 15 0, L_0xc6d5d0; 1 drivers
v0xc68460_0 .net *"_s74", 31 0, L_0xc6d670; 1 drivers
v0xc682c0_0 .net *"_s76", 31 0, L_0xc6d4f0; 1 drivers
v0xc68360_0 .net *"_s8", 31 0, L_0xc6b250; 1 drivers
v0xc68660_0 .net *"_s81", 0 0, L_0xc6da90; 1 drivers
v0xc68700_0 .net *"_s82", 15 0, C4<1111111111111111>; 1 drivers
v0xc68500_0 .net *"_s85", 15 0, L_0xc6dbc0; 1 drivers
v0xc685a0_0 .net *"_s86", 31 0, L_0xc6d990; 1 drivers
v0xc68900_0 .net *"_s88", 15 0, C4<0000000000000000>; 1 drivers
v0xc689a0_0 .net *"_s91", 15 0, L_0xc6ddb0; 1 drivers
v0xc687a0_0 .net *"_s92", 31 0, L_0xc6dc60; 1 drivers
v0xc68840_0 .net *"_s94", 31 0, L_0xc6dfc0; 1 drivers
v0xc68bc0_0 .net "add1", 17 0, L_0xc6b400; 1 drivers
v0xc68c40_0 .net "add2", 31 0, L_0xc6b8c0; 1 drivers
v0xc68a40_0 .alias "clk", 0 0, v0xc6a280_0;
v0xc68b10_0 .net "imm", 15 0, L_0xc6b9b0; 1 drivers
v0xc68e80_0 .net "immSignExten", 31 0, L_0xc6bed0; 1 drivers
v0xc68f20_0 .net "lh", 0 0, v0xc64f70_0; 1 drivers
v0xc68cc0_0 .net "lworlh", 31 0, L_0xc6e190; 1 drivers
v0xc68d40_0 .var "pcin", 17 0;
v0xc68dc0_0 .net "pcout", 17 0, v0xc668f0_0; 1 drivers
v0xc69180_0 .net "ra", 0 0, v0xc65110_0; 1 drivers
v0xc68fd0_0 .net "regWD", 31 0, L_0xc6e4b0; 1 drivers
v0xc69080_0 .net "regWrite", 0 0, v0xc64de0_0; 1 drivers
v0xc69400_0 .net "rs", 31 0, L_0xc6c1e0; 1 drivers
v0xc694d0_0 .alias "rst", 0 0, v0xc6a390_0;
v0xc69250_0 .net "rt", 31 0, L_0xc6c330; 1 drivers
v0xc692d0_0 .net "sh", 0 0, v0xc65220_0; 1 drivers
v0xc69350_0 .net "sworsh", 31 0, L_0xc6d8f0; 1 drivers
v0xc69770_0 .net "toreg", 31 0, L_0xc6e2d0; 1 drivers
E_0xc3d960 .event edge, v0xc65b10_0, v0xc68bc0_0, v0xc68b10_0, v0xc65790_0;
L_0xc6aff0 .part v0xc668f0_0, 2, 16;
L_0xc6b140 .concat [ 18 14 0 0], v0xc668f0_0, C4<00000000000000>;
L_0xc6b250 .arith/sum 32, L_0xc6b140, C4<00000000000000000000000000000100>;
L_0xc6b400 .part L_0xc6b250, 0, 18;
L_0xc6b4f0 .concat [ 18 15 0 0], L_0xc6b400, C4<000000000000000>;
L_0xc6b6b0 .arith/sum 33, L_0xc6b4f0, C4<000000000000000000000000000000100>;
L_0xc6b8c0 .part L_0xc6b6b0, 0, 32;
L_0xc6b9b0 .part L_0xc6ab60, 0, 16;
L_0xc6bae0 .part L_0xc6b9b0, 15, 1;
L_0xc6bbd0 .concat [ 16 16 0 0], L_0xc6b9b0, C4<1111111111111111>;
L_0xc6bda0 .concat [ 16 16 0 0], L_0xc6b9b0, C4<0000000000000000>;
L_0xc6bed0 .functor MUXZ 32, L_0xc6bda0, L_0xc6bbd0, L_0xc6bae0, C4<>;
L_0xc6c010 .part v0xc65520_0, 2, 16;
L_0xc6c430 .part L_0xc6ab60, 21, 5;
L_0xc6c5a0 .part L_0xc6ab60, 16, 5;
L_0xc6c7c0 .part L_0xc6ab60, 6, 5;
L_0xc6c8f0 .part L_0xc6ab60, 26, 6;
L_0xc6caa0 .part L_0xc6ab60, 0, 6;
L_0xc6cbe0 .part L_0xc6ab60, 11, 5;
L_0xc6cc80 .part L_0xc6ab60, 16, 5;
L_0xc6cb40 .functor MUXZ 5, L_0xc6cc80, L_0xc6cbe0, v0xc64d40_0, C4<>;
L_0xc6ce70 .functor MUXZ 5, L_0xc6cb40, C4<11111>, v0xc65110_0, C4<>;
L_0xc6d070 .functor MUXZ 32, L_0xc6bed0, L_0xc6c330, v0xc649d0_0, C4<>;
L_0xc6d200 .part L_0xc6c330, 15, 1;
L_0xc6cf10 .part L_0xc6c330, 0, 16;
L_0xc6d400 .concat [ 16 16 0 0], L_0xc6cf10, C4<1111111111111111>;
L_0xc6d5d0 .part L_0xc6c330, 0, 16;
L_0xc6d670 .concat [ 16 16 0 0], L_0xc6d5d0, C4<0000000000000000>;
L_0xc6d4f0 .functor MUXZ 32, L_0xc6d670, L_0xc6d400, L_0xc6d200, C4<>;
L_0xc6d8f0 .functor MUXZ 32, L_0xc6c330, L_0xc6d4f0, v0xc65220_0, C4<>;
L_0xc6da90 .part L_0xc6af20, 15, 1;
L_0xc6dbc0 .part L_0xc6af20, 0, 16;
L_0xc6d990 .concat [ 16 16 0 0], L_0xc6dbc0, C4<1111111111111111>;
L_0xc6ddb0 .part L_0xc6af20, 0, 16;
L_0xc6dc60 .concat [ 16 16 0 0], L_0xc6ddb0, C4<0000000000000000>;
L_0xc6dfc0 .functor MUXZ 32, L_0xc6dc60, L_0xc6d990, L_0xc6da90, C4<>;
L_0xc6e190 .functor MUXZ 32, L_0xc6af20, L_0xc6dfc0, v0xc64f70_0, C4<>;
L_0xc6e2d0 .functor MUXZ 32, v0xc65520_0, L_0xc6e190, v0xc64c60_0, C4<>;
L_0xc6e4b0 .functor MUXZ 32, L_0xc6e2d0, L_0xc6b8c0, v0xc64bc0_0, C4<>;
S_0xc666e0 .scope module, "pc" "PC" 5 63, 6 3, S_0xbdd300;
 .timescale 0 0;
P_0xc66218 .param/l "bit_size" 6 8, +C4<010010>;
v0xc66850_0 .net "PCin", 17 0, v0xc68d40_0; 1 drivers
v0xc668f0_0 .var "PCout", 17 0;
v0xc66990_0 .alias "clk", 0 0, v0xc6a280_0;
v0xc66a10_0 .alias "rst", 0 0, v0xc6a390_0;
S_0xc65c40 .scope module, "regfile" "Regfile" 5 80, 7 3, S_0xbdd300;
 .timescale 0 0;
P_0xc65d38 .param/l "bit_size" 7 13, +C4<0100000>;
L_0xc6c1e0 .functor BUFZ 32, L_0xc6c140, C4<00000000000000000000000000000000>, C4<00000000000000000000000000000000>, C4<00000000000000000000000000000000>;
L_0xc6c330 .functor BUFZ 32, L_0xc6c290, C4<00000000000000000000000000000000>, C4<00000000000000000000000000000000>, C4<00000000000000000000000000000000>;
v0xc65e20_0 .net "Read_addr_1", 4 0, L_0xc6c430; 1 drivers
v0xc65ee0_0 .net "Read_addr_2", 4 0, L_0xc6c5a0; 1 drivers
v0xc65f80_0 .alias "Read_data_1", 31 0, v0xc69400_0;
v0xc66030_0 .alias "Read_data_2", 31 0, v0xc69250_0;
v0xc660e0_0 .alias "RegWrite", 0 0, v0xc69080_0;
v0xc66190_0 .alias "Write_addr", 4 0, v0xc673b0_0;
v0xc66250_0 .alias "Write_data", 31 0, v0xc68fd0_0;
v0xc662d0_0 .net *"_s0", 31 0, L_0xc6c140; 1 drivers
v0xc66370_0 .net *"_s4", 31 0, L_0xc6c290; 1 drivers
v0xc66410_0 .alias "clk", 0 0, v0xc6a280_0;
v0xc664b0_0 .var/i "i", 31 0;
v0xc66550 .array "reg_data", 31 0, 31 0;
v0xc66640_0 .alias "rst", 0 0, v0xc6a390_0;
E_0xc65db0 .event posedge, v0xc66640_0, v0xc66410_0;
L_0xc6c140 .array/port v0xc66550, L_0xc6c430;
L_0xc6c290 .array/port v0xc66550, L_0xc6c5a0;
S_0xc65910 .scope module, "jump_ctrl" "Jump_Ctrl" 5 89, 8 3, S_0xbdd300;
 .timescale 0 0;
v0xc65a40_0 .alias "JControl", 2 0, v0xc67060_0;
v0xc65b10_0 .var "JumpOP", 1 0;
v0xc65b90_0 .alias "Zero", 0 0, v0xc67650_0;
E_0xc656c0 .event edge, v0xc64b10_0, v0xc655a0_0;
S_0xc652c0 .scope module, "alu" "ALU" 5 91, 9 3, S_0xbdd300;
 .timescale 0 0;
P_0xc64ce8 .param/l "bit_size" 9 10, +C4<0100000>;
v0xc65450_0 .alias "ALUOp", 3 0, v0xc66af0_0;
v0xc65520_0 .var "ALU_result", 31 0;
v0xc655a0_0 .alias "Zero", 0 0, v0xc67650_0;
v0xc65640_0 .net *"_s0", 31 0, C4<00000000000000000000000000000000>; 1 drivers
v0xc656f0_0 .net "shamt", 4 0, L_0xc6c7c0; 1 drivers
v0xc65790_0 .alias "src1", 31 0, v0xc69400_0;
v0xc65870_0 .alias "src2", 31 0, v0xc67460_0;
E_0xc64b90 .event edge, v0xc65870_0, v0xc65790_0, v0xc09480_0;
L_0xc6c6d0 .cmp/eq 32, v0xc65520_0, C4<00000000000000000000000000000000>;
S_0xc2ead0 .scope module, "controller" "Controller" 5 100, 10 2, S_0xbdd300;
 .timescale 0 0;
v0xc09480_0 .var "ALUOp", 3 0;
v0xc649d0_0 .var "ALUSrc", 0 0;
v0xc64a70_0 .var "DM_enable", 0 0;
v0xc64b10_0 .var "JControl", 2 0;
v0xc64bc0_0 .var "Jal", 0 0;
v0xc64c60_0 .var "MemToReg", 0 0;
v0xc64d40_0 .var "RegDst", 0 0;
v0xc64de0_0 .var "RegWrite", 0 0;
v0xc64ed0_0 .net "funct", 5 0, L_0xc6caa0; 1 drivers
v0xc64f70_0 .var "lh", 0 0;
v0xc65070_0 .net "opcode", 5 0, L_0xc6c8f0; 1 drivers
v0xc65110_0 .var "ra", 0 0;
v0xc65220_0 .var "sh", 0 0;
E_0xbdd6e0 .event edge, v0xc64ed0_0, v0xc65070_0;
    .scope S_0xc69550;
T_0 ;
    %wait E_0xc65db0;
    %load/v 8, v0xc69e40_0, 1;
    %jmp/0xz  T_0.0, 8;
    %set/v v0xc69d70_0, 0, 32;
T_0.2 ;
    %load/v 8, v0xc69d70_0, 32;
    %movi 40, 65536, 32;
    %cmp/s 8, 40, 32;
    %jmp/0xz T_0.3, 5;
    %ix/getv/s 3, v0xc69d70_0;
    %jmp/1 t_0, 4;
    %ix/load 0, 32, 0; word width
    %ix/load 1, 0, 0; part off
    %assign/av v0xc69b20, 0, 0;
t_0 ;
    %ix/load 0, 1, 0;
    %load/vp0/s 8, v0xc69d70_0, 32;
    %set/v v0xc69d70_0, 8, 32;
    %jmp T_0.2;
T_0.3 ;
    %jmp T_0.1;
T_0.0 ;
    %load/v 8, v0xc69ba0_0, 1;
    %jmp/0xz  T_0.4, 8;
    %load/v 8, v0xc69aa0_0, 32;
    %ix/getv 3, v0xc69680_0;
    %jmp/1 t_1, 4;
    %ix/load 0, 32, 0; word width
    %ix/load 1, 0, 0; part off
    %assign/av v0xc69b20, 0, 8;
t_1 ;
T_0.4 ;
T_0.1 ;
    %jmp T_0;
    .thread T_0;
    .scope S_0xc666e0;
T_1 ;
    %wait E_0xc65db0;
    %load/v 8, v0xc66a10_0, 1;
    %jmp/0xz  T_1.0, 8;
    %ix/load 0, 18, 0;
    %assign/v0 v0xc668f0_0, 0, 0;
    %jmp T_1.1;
T_1.0 ;
    %load/v 8, v0xc66850_0, 18;
    %ix/load 0, 18, 0;
    %assign/v0 v0xc668f0_0, 0, 8;
T_1.1 ;
    %jmp T_1;
    .thread T_1;
    .scope S_0xc65c40;
T_2 ;
    %wait E_0xc65db0;
    %load/v 8, v0xc66640_0, 1;
    %jmp/0xz  T_2.0, 8;
    %set/v v0xc664b0_0, 0, 32;
T_2.2 ;
    %load/v 8, v0xc664b0_0, 32;
   %cmpi/s 8, 32, 32;
    %jmp/0xz T_2.3, 5;
    %ix/getv/s 3, v0xc664b0_0;
    %jmp/1 t_2, 4;
    %ix/load 0, 32, 0; word width
    %ix/load 1, 0, 0; part off
    %assign/av v0xc66550, 0, 0;
t_2 ;
    %ix/load 0, 1, 0;
    %load/vp0/s 8, v0xc664b0_0, 32;
    %set/v v0xc664b0_0, 8, 32;
    %jmp T_2.2;
T_2.3 ;
    %jmp T_2.1;
T_2.0 ;
    %load/v 8, v0xc660e0_0, 1;
    %jmp/0xz  T_2.4, 8;
    %load/v 8, v0xc66250_0, 32;
    %ix/getv 3, v0xc66190_0;
    %jmp/1 t_3, 4;
    %ix/load 0, 32, 0; word width
    %ix/load 1, 0, 0; part off
    %assign/av v0xc66550, 0, 8;
t_3 ;
T_2.4 ;
T_2.1 ;
    %jmp T_2;
    .thread T_2;
    .scope S_0xc65910;
T_3 ;
    %wait E_0xc656c0;
    %load/v 8, v0xc65a40_0, 3;
    %cmpi/u 8, 0, 3;
    %jmp/1 T_3.0, 6;
    %cmpi/u 8, 1, 3;
    %jmp/1 T_3.1, 6;
    %cmpi/u 8, 2, 3;
    %jmp/1 T_3.2, 6;
    %cmpi/u 8, 3, 3;
    %jmp/1 T_3.3, 6;
    %cmpi/u 8, 4, 3;
    %jmp/1 T_3.4, 6;
    %cmpi/u 8, 5, 3;
    %jmp/1 T_3.5, 6;
    %ix/load 0, 2, 0;
    %assign/v0 v0xc65b10_0, 0, 0;
    %jmp T_3.7;
T_3.0 ;
    %movi 8, 2, 2;
    %ix/load 0, 2, 0;
    %assign/v0 v0xc65b10_0, 0, 8;
    %jmp T_3.7;
T_3.1 ;
    %movi 8, 2, 2;
    %ix/load 0, 2, 0;
    %assign/v0 v0xc65b10_0, 0, 8;
    %jmp T_3.7;
T_3.2 ;
    %load/v 8, v0xc65b90_0, 1;
    %mov 9, 0, 1;
    %cmpi/u 8, 0, 2;
    %jmp/0xz  T_3.8, 4;
    %movi 8, 1, 2;
    %ix/load 0, 2, 0;
    %assign/v0 v0xc65b10_0, 0, 8;
    %jmp T_3.9;
T_3.8 ;
    %ix/load 0, 2, 0;
    %assign/v0 v0xc65b10_0, 0, 0;
T_3.9 ;
    %jmp T_3.7;
T_3.3 ;
    %load/v 8, v0xc65b90_0, 1;
    %mov 9, 0, 1;
    %cmpi/u 8, 0, 2;
    %inv 4, 1;
    %jmp/0xz  T_3.10, 4;
    %movi 8, 1, 2;
    %ix/load 0, 2, 0;
    %assign/v0 v0xc65b10_0, 0, 8;
    %jmp T_3.11;
T_3.10 ;
    %ix/load 0, 2, 0;
    %assign/v0 v0xc65b10_0, 0, 0;
T_3.11 ;
    %jmp T_3.7;
T_3.4 ;
    %ix/load 0, 2, 0;
    %assign/v0 v0xc65b10_0, 0, 1;
    %jmp T_3.7;
T_3.5 ;
    %ix/load 0, 2, 0;
    %assign/v0 v0xc65b10_0, 0, 1;
    %jmp T_3.7;
T_3.7 ;
    %jmp T_3;
    .thread T_3, $push;
    .scope S_0xc652c0;
T_4 ;
    %wait E_0xc64b90;
    %load/v 8, v0xc65450_0, 4;
    %cmpi/u 8, 0, 4;
    %jmp/1 T_4.0, 6;
    %cmpi/u 8, 1, 4;
    %jmp/1 T_4.1, 6;
    %cmpi/u 8, 2, 4;
    %jmp/1 T_4.2, 6;
    %cmpi/u 8, 6, 4;
    %jmp/1 T_4.3, 6;
    %cmpi/u 8, 7, 4;
    %jmp/1 T_4.4, 6;
    %cmpi/u 8, 9, 4;
    %jmp/1 T_4.5, 6;
    %cmpi/u 8, 10, 4;
    %jmp/1 T_4.6, 6;
    %cmpi/u 8, 11, 4;
    %jmp/1 T_4.7, 6;
    %cmpi/u 8, 12, 4;
    %jmp/1 T_4.8, 6;
    %cmpi/u 8, 13, 4;
    %jmp/1 T_4.9, 6;
    %ix/load 0, 32, 0;
    %assign/v0 v0xc65520_0, 0, 0;
    %jmp T_4.11;
T_4.0 ;
    %load/v 8, v0xc65790_0, 32;
    %load/v 40, v0xc65870_0, 32;
    %and 8, 40, 32;
    %ix/load 0, 32, 0;
    %assign/v0 v0xc65520_0, 0, 8;
    %jmp T_4.11;
T_4.1 ;
    %load/v 8, v0xc65790_0, 32;
    %load/v 40, v0xc65870_0, 32;
    %or 8, 40, 32;
    %ix/load 0, 32, 0;
    %assign/v0 v0xc65520_0, 0, 8;
    %jmp T_4.11;
T_4.2 ;
    %load/v 8, v0xc65790_0, 32;
    %load/v 40, v0xc65870_0, 32;
    %add 8, 40, 32;
    %ix/load 0, 32, 0;
    %assign/v0 v0xc65520_0, 0, 8;
    %jmp T_4.11;
T_4.3 ;
    %load/v 8, v0xc65790_0, 32;
    %load/v 40, v0xc65870_0, 32;
    %sub 8, 40, 32;
    %ix/load 0, 32, 0;
    %assign/v0 v0xc65520_0, 0, 8;
    %jmp T_4.11;
T_4.4 ;
    %load/v 8, v0xc65790_0, 32;
    %load/v 40, v0xc65870_0, 32;
    %sub 8, 40, 32;
    %ix/load 0, 31, 0;
    %mov 4, 0, 1;
    %shiftr/i0  8, 32;
    %ix/load 0, 32, 0;
    %assign/v0 v0xc65520_0, 0, 8;
    %jmp T_4.11;
T_4.5 ;
    %load/v 8, v0xc65790_0, 32;
    %load/v 40, v0xc65870_0, 32;
    %or 8, 40, 32;
    %inv 8, 32;
    %ix/load 0, 32, 0;
    %assign/v0 v0xc65520_0, 0, 8;
    %jmp T_4.11;
T_4.6 ;
    %load/v 8, v0xc65790_0, 32;
    %load/v 40, v0xc65870_0, 32;
    %xor 8, 40, 32;
    %ix/load 0, 32, 0;
    %assign/v0 v0xc65520_0, 0, 8;
    %jmp T_4.11;
T_4.7 ;
    %load/v 8, v0xc65870_0, 32;
    %load/v 40, v0xc656f0_0, 5;
    %ix/get 0, 40, 5;
    %shiftl/i0  8, 32;
    %ix/load 0, 32, 0;
    %assign/v0 v0xc65520_0, 0, 8;
    %jmp T_4.11;
T_4.8 ;
    %load/v 8, v0xc65870_0, 32;
    %load/v 40, v0xc656f0_0, 5;
    %ix/get 0, 40, 5;
    %shiftr/i0  8, 32;
    %ix/load 0, 32, 0;
    %assign/v0 v0xc65520_0, 0, 8;
    %jmp T_4.11;
T_4.9 ;
    %load/v 40, v0xc65790_0, 32;
    %load/v 72, v0xc65870_0, 32;
    %cmp/u 40, 72, 32;
    %mov 40, 4, 1;
    %mov 8, 40, 1;
    %mov 9, 0, 31;
    %ix/load 0, 32, 0;
    %assign/v0 v0xc65520_0, 0, 8;
    %jmp T_4.11;
T_4.11 ;
    %jmp T_4;
    .thread T_4, $push;
    .scope S_0xc2ead0;
T_5 ;
    %wait E_0xbdd6e0;
    %load/v 8, v0xc65070_0, 6;
    %cmpi/u 8, 0, 6;
    %jmp/0xz  T_5.0, 4;
    %ix/load 0, 1, 0;
    %assign/v0 v0xc65110_0, 0, 0;
    %ix/load 0, 1, 0;
    %assign/v0 v0xc64de0_0, 0, 0;
    %ix/load 0, 1, 0;
    %assign/v0 v0xc64bc0_0, 0, 0;
    %movi 8, 6, 3;
    %ix/load 0, 3, 0;
    %assign/v0 v0xc64b10_0, 0, 8;
    %load/v 11, v0xc64ed0_0, 6;
    %cmpi/u 11, 32, 6;
    %jmp/1 T_5.2, 6;
    %cmpi/u 11, 34, 6;
    %jmp/1 T_5.3, 6;
    %cmpi/u 11, 36, 6;
    %jmp/1 T_5.4, 6;
    %cmpi/u 11, 37, 6;
    %jmp/1 T_5.5, 6;
    %cmpi/u 11, 38, 6;
    %jmp/1 T_5.6, 6;
    %cmpi/u 11, 39, 6;
    %jmp/1 T_5.7, 6;
    %cmpi/u 11, 42, 6;
    %jmp/1 T_5.8, 6;
    %cmpi/u 11, 0, 6;
    %jmp/1 T_5.9, 6;
    %cmpi/u 11, 2, 6;
    %jmp/1 T_5.10, 6;
    %cmpi/u 11, 8, 6;
    %jmp/1 T_5.11, 6;
    %cmpi/u 11, 9, 6;
    %jmp/1 T_5.12, 6;
    %jmp T_5.14;
T_5.2 ;
    %ix/load 0, 1, 0;
    %assign/v0 v0xc64d40_0, 0, 1;
    %ix/load 0, 1, 0;
    %assign/v0 v0xc649d0_0, 0, 1;
    %ix/load 0, 1, 0;
    %assign/v0 v0xc64c60_0, 0, 0;
    %ix/load 0, 1, 0;
    %assign/v0 v0xc64de0_0, 0, 1;
    %movi 8, 2, 4;
    %ix/load 0, 4, 0;
    %assign/v0 v0xc09480_0, 0, 8;
    %ix/load 0, 1, 0;
    %assign/v0 v0xc64a70_0, 0, 0;
    %jmp T_5.14;
T_5.3 ;
    %ix/load 0, 1, 0;
    %assign/v0 v0xc64d40_0, 0, 1;
    %ix/load 0, 1, 0;
    %assign/v0 v0xc649d0_0, 0, 1;
    %ix/load 0, 1, 0;
    %assign/v0 v0xc64c60_0, 0, 0;
    %ix/load 0, 1, 0;
    %assign/v0 v0xc64de0_0, 0, 1;
    %movi 8, 6, 4;
    %ix/load 0, 4, 0;
    %assign/v0 v0xc09480_0, 0, 8;
    %ix/load 0, 1, 0;
    %assign/v0 v0xc64a70_0, 0, 0;
    %jmp T_5.14;
T_5.4 ;
    %ix/load 0, 1, 0;
    %assign/v0 v0xc64d40_0, 0, 1;
    %ix/load 0, 1, 0;
    %assign/v0 v0xc649d0_0, 0, 1;
    %ix/load 0, 1, 0;
    %assign/v0 v0xc64c60_0, 0, 0;
    %ix/load 0, 1, 0;
    %assign/v0 v0xc64de0_0, 0, 1;
    %ix/load 0, 4, 0;
    %assign/v0 v0xc09480_0, 0, 0;
    %ix/load 0, 1, 0;
    %assign/v0 v0xc64a70_0, 0, 0;
    %jmp T_5.14;
T_5.5 ;
    %ix/load 0, 1, 0;
    %assign/v0 v0xc64d40_0, 0, 1;
    %ix/load 0, 1, 0;
    %assign/v0 v0xc649d0_0, 0, 1;
    %ix/load 0, 1, 0;
    %assign/v0 v0xc64c60_0, 0, 0;
    %ix/load 0, 1, 0;
    %assign/v0 v0xc64de0_0, 0, 1;
    %movi 8, 1, 4;
    %ix/load 0, 4, 0;
    %assign/v0 v0xc09480_0, 0, 8;
    %ix/load 0, 1, 0;
    %assign/v0 v0xc64a70_0, 0, 0;
    %jmp T_5.14;
T_5.6 ;
    %ix/load 0, 1, 0;
    %assign/v0 v0xc64d40_0, 0, 1;
    %ix/load 0, 1, 0;
    %assign/v0 v0xc649d0_0, 0, 1;
    %ix/load 0, 1, 0;
    %assign/v0 v0xc64c60_0, 0, 0;
    %ix/load 0, 1, 0;
    %assign/v0 v0xc64de0_0, 0, 1;
    %movi 8, 10, 4;
    %ix/load 0, 4, 0;
    %assign/v0 v0xc09480_0, 0, 8;
    %ix/load 0, 1, 0;
    %assign/v0 v0xc64a70_0, 0, 0;
    %jmp T_5.14;
T_5.7 ;
    %ix/load 0, 1, 0;
    %assign/v0 v0xc64d40_0, 0, 1;
    %ix/load 0, 1, 0;
    %assign/v0 v0xc649d0_0, 0, 1;
    %ix/load 0, 1, 0;
    %assign/v0 v0xc64c60_0, 0, 0;
    %ix/load 0, 1, 0;
    %assign/v0 v0xc64de0_0, 0, 1;
    %movi 8, 9, 4;
    %ix/load 0, 4, 0;
    %assign/v0 v0xc09480_0, 0, 8;
    %ix/load 0, 1, 0;
    %assign/v0 v0xc64a70_0, 0, 0;
    %jmp T_5.14;
T_5.8 ;
    %ix/load 0, 1, 0;
    %assign/v0 v0xc64d40_0, 0, 1;
    %ix/load 0, 1, 0;
    %assign/v0 v0xc649d0_0, 0, 1;
    %ix/load 0, 1, 0;
    %assign/v0 v0xc64c60_0, 0, 0;
    %ix/load 0, 1, 0;
    %assign/v0 v0xc64de0_0, 0, 1;
    %movi 8, 7, 4;
    %ix/load 0, 4, 0;
    %assign/v0 v0xc09480_0, 0, 8;
    %ix/load 0, 1, 0;
    %assign/v0 v0xc64a70_0, 0, 0;
    %jmp T_5.14;
T_5.9 ;
    %ix/load 0, 1, 0;
    %assign/v0 v0xc64d40_0, 0, 1;
    %ix/load 0, 1, 0;
    %assign/v0 v0xc649d0_0, 0, 1;
    %ix/load 0, 1, 0;
    %assign/v0 v0xc64c60_0, 0, 0;
    %ix/load 0, 1, 0;
    %assign/v0 v0xc64de0_0, 0, 1;
    %movi 8, 11, 4;
    %ix/load 0, 4, 0;
    %assign/v0 v0xc09480_0, 0, 8;
    %ix/load 0, 1, 0;
    %assign/v0 v0xc64a70_0, 0, 0;
    %jmp T_5.14;
T_5.10 ;
    %ix/load 0, 1, 0;
    %assign/v0 v0xc64d40_0, 0, 1;
    %ix/load 0, 1, 0;
    %assign/v0 v0xc649d0_0, 0, 1;
    %ix/load 0, 1, 0;
    %assign/v0 v0xc64c60_0, 0, 0;
    %ix/load 0, 1, 0;
    %assign/v0 v0xc64de0_0, 0, 1;
    %movi 8, 12, 4;
    %ix/load 0, 4, 0;
    %assign/v0 v0xc09480_0, 0, 8;
    %ix/load 0, 1, 0;
    %assign/v0 v0xc64a70_0, 0, 0;
    %jmp T_5.14;
T_5.11 ;
    %ix/load 0, 1, 0;
    %assign/v0 v0xc65110_0, 0, 0;
    %ix/load 0, 1, 0;
    %assign/v0 v0xc64bc0_0, 0, 0;
    %ix/load 0, 1, 0;
    %assign/v0 v0xc64de0_0, 0, 0;
    %ix/load 0, 3, 0;
    %assign/v0 v0xc64b10_0, 0, 0;
    %jmp T_5.14;
T_5.12 ;
    %ix/load 0, 1, 0;
    %assign/v0 v0xc65110_0, 0, 1;
    %ix/load 0, 1, 0;
    %assign/v0 v0xc64bc0_0, 0, 1;
    %ix/load 0, 1, 0;
    %assign/v0 v0xc64de0_0, 0, 1;
    %movi 8, 1, 3;
    %ix/load 0, 3, 0;
    %assign/v0 v0xc64b10_0, 0, 8;
    %jmp T_5.14;
T_5.14 ;
    %jmp T_5.1;
T_5.0 ;
    %ix/load 0, 1, 0;
    %assign/v0 v0xc64bc0_0, 0, 0;
    %movi 8, 6, 3;
    %ix/load 0, 3, 0;
    %assign/v0 v0xc64b10_0, 0, 8;
    %ix/load 0, 1, 0;
    %assign/v0 v0xc64de0_0, 0, 0;
    %ix/load 0, 1, 0;
    %assign/v0 v0xc65110_0, 0, 0;
    %load/v 11, v0xc65070_0, 6;
    %cmpi/u 11, 8, 6;
    %jmp/1 T_5.15, 6;
    %cmpi/u 11, 12, 6;
    %jmp/1 T_5.16, 6;
    %cmpi/u 11, 10, 6;
    %jmp/1 T_5.17, 6;
    %cmpi/u 11, 4, 6;
    %jmp/1 T_5.18, 6;
    %cmpi/u 11, 5, 6;
    %jmp/1 T_5.19, 6;
    %cmpi/u 11, 35, 6;
    %jmp/1 T_5.20, 6;
    %cmpi/u 11, 33, 6;
    %jmp/1 T_5.21, 6;
    %cmpi/u 11, 43, 6;
    %jmp/1 T_5.22, 6;
    %cmpi/u 11, 41, 6;
    %jmp/1 T_5.23, 6;
    %cmpi/u 11, 2, 6;
    %jmp/1 T_5.24, 6;
    %cmpi/u 11, 3, 6;
    %jmp/1 T_5.25, 6;
    %jmp T_5.27;
T_5.15 ;
    %ix/load 0, 1, 0;
    %assign/v0 v0xc64d40_0, 0, 0;
    %ix/load 0, 1, 0;
    %assign/v0 v0xc649d0_0, 0, 0;
    %ix/load 0, 1, 0;
    %assign/v0 v0xc64c60_0, 0, 0;
    %ix/load 0, 1, 0;
    %assign/v0 v0xc64de0_0, 0, 1;
    %movi 8, 2, 4;
    %ix/load 0, 4, 0;
    %assign/v0 v0xc09480_0, 0, 8;
    %ix/load 0, 1, 0;
    %assign/v0 v0xc64a70_0, 0, 0;
    %jmp T_5.27;
T_5.16 ;
    %ix/load 0, 1, 0;
    %assign/v0 v0xc64d40_0, 0, 0;
    %ix/load 0, 1, 0;
    %assign/v0 v0xc649d0_0, 0, 0;
    %ix/load 0, 1, 0;
    %assign/v0 v0xc64c60_0, 0, 0;
    %ix/load 0, 1, 0;
    %assign/v0 v0xc64de0_0, 0, 1;
    %ix/load 0, 4, 0;
    %assign/v0 v0xc09480_0, 0, 0;
    %ix/load 0, 1, 0;
    %assign/v0 v0xc64a70_0, 0, 0;
    %jmp T_5.27;
T_5.17 ;
    %ix/load 0, 1, 0;
    %assign/v0 v0xc64d40_0, 0, 0;
    %ix/load 0, 1, 0;
    %assign/v0 v0xc649d0_0, 0, 0;
    %ix/load 0, 1, 0;
    %assign/v0 v0xc64c60_0, 0, 0;
    %ix/load 0, 1, 0;
    %assign/v0 v0xc64de0_0, 0, 1;
    %movi 8, 7, 4;
    %ix/load 0, 4, 0;
    %assign/v0 v0xc09480_0, 0, 8;
    %ix/load 0, 1, 0;
    %assign/v0 v0xc64a70_0, 0, 0;
    %jmp T_5.27;
T_5.18 ;
    %ix/load 0, 1, 0;
    %assign/v0 v0xc649d0_0, 0, 1;
    %ix/load 0, 1, 0;
    %assign/v0 v0xc64de0_0, 0, 0;
    %movi 8, 13, 4;
    %ix/load 0, 4, 0;
    %assign/v0 v0xc09480_0, 0, 8;
    %ix/load 0, 1, 0;
    %assign/v0 v0xc64a70_0, 0, 0;
    %ix/load 0, 1, 0;
    %assign/v0 v0xc65110_0, 0, 0;
    %ix/load 0, 1, 0;
    %assign/v0 v0xc64bc0_0, 0, 0;
    %movi 12, 2, 3;
    %ix/load 0, 3, 0;
    %assign/v0 v0xc64b10_0, 0, 12;
    %jmp T_5.27;
T_5.19 ;
    %ix/load 0, 1, 0;
    %assign/v0 v0xc649d0_0, 0, 1;
    %ix/load 0, 1, 0;
    %assign/v0 v0xc64de0_0, 0, 0;
    %movi 8, 13, 4;
    %ix/load 0, 4, 0;
    %assign/v0 v0xc09480_0, 0, 8;
    %ix/load 0, 1, 0;
    %assign/v0 v0xc64a70_0, 0, 0;
    %ix/load 0, 1, 0;
    %assign/v0 v0xc65110_0, 0, 0;
    %ix/load 0, 1, 0;
    %assign/v0 v0xc64bc0_0, 0, 0;
    %movi 12, 3, 3;
    %ix/load 0, 3, 0;
    %assign/v0 v0xc64b10_0, 0, 12;
    %jmp T_5.27;
T_5.20 ;
    %ix/load 0, 1, 0;
    %assign/v0 v0xc64d40_0, 0, 0;
    %ix/load 0, 1, 0;
    %assign/v0 v0xc649d0_0, 0, 0;
    %ix/load 0, 1, 0;
    %assign/v0 v0xc64c60_0, 0, 1;
    %ix/load 0, 1, 0;
    %assign/v0 v0xc64de0_0, 0, 1;
    %movi 8, 2, 4;
    %ix/load 0, 4, 0;
    %assign/v0 v0xc09480_0, 0, 8;
    %ix/load 0, 1, 0;
    %assign/v0 v0xc64f70_0, 0, 0;
    %ix/load 0, 1, 0;
    %assign/v0 v0xc64a70_0, 0, 0;
    %ix/load 0, 1, 0;
    %assign/v0 v0xc64bc0_0, 0, 0;
    %jmp T_5.27;
T_5.21 ;
    %ix/load 0, 1, 0;
    %assign/v0 v0xc64d40_0, 0, 0;
    %ix/load 0, 1, 0;
    %assign/v0 v0xc649d0_0, 0, 0;
    %ix/load 0, 1, 0;
    %assign/v0 v0xc64c60_0, 0, 1;
    %ix/load 0, 1, 0;
    %assign/v0 v0xc64de0_0, 0, 1;
    %movi 8, 2, 4;
    %ix/load 0, 4, 0;
    %assign/v0 v0xc09480_0, 0, 8;
    %ix/load 0, 1, 0;
    %assign/v0 v0xc64f70_0, 0, 1;
    %ix/load 0, 1, 0;
    %assign/v0 v0xc64a70_0, 0, 0;
    %ix/load 0, 1, 0;
    %assign/v0 v0xc64bc0_0, 0, 0;
    %jmp T_5.27;
T_5.22 ;
    %ix/load 0, 1, 0;
    %assign/v0 v0xc649d0_0, 0, 0;
    %ix/load 0, 1, 0;
    %assign/v0 v0xc64de0_0, 0, 0;
    %movi 8, 2, 4;
    %ix/load 0, 4, 0;
    %assign/v0 v0xc09480_0, 0, 8;
    %ix/load 0, 1, 0;
    %assign/v0 v0xc64a70_0, 0, 1;
    %ix/load 0, 1, 0;
    %assign/v0 v0xc65220_0, 0, 0;
    %jmp T_5.27;
T_5.23 ;
    %ix/load 0, 1, 0;
    %assign/v0 v0xc649d0_0, 0, 0;
    %ix/load 0, 1, 0;
    %assign/v0 v0xc64de0_0, 0, 0;
    %movi 8, 2, 4;
    %ix/load 0, 4, 0;
    %assign/v0 v0xc09480_0, 0, 8;
    %ix/load 0, 1, 0;
    %assign/v0 v0xc64a70_0, 0, 1;
    %ix/load 0, 1, 0;
    %assign/v0 v0xc65220_0, 0, 1;
    %jmp T_5.27;
T_5.24 ;
    %ix/load 0, 1, 0;
    %assign/v0 v0xc65110_0, 0, 0;
    %ix/load 0, 1, 0;
    %assign/v0 v0xc64bc0_0, 0, 0;
    %ix/load 0, 1, 0;
    %assign/v0 v0xc64de0_0, 0, 0;
    %movi 8, 4, 3;
    %ix/load 0, 3, 0;
    %assign/v0 v0xc64b10_0, 0, 8;
    %jmp T_5.27;
T_5.25 ;
    %ix/load 0, 1, 0;
    %assign/v0 v0xc65110_0, 0, 1;
    %ix/load 0, 1, 0;
    %assign/v0 v0xc64bc0_0, 0, 1;
    %ix/load 0, 1, 0;
    %assign/v0 v0xc64de0_0, 0, 1;
    %movi 8, 5, 3;
    %ix/load 0, 3, 0;
    %assign/v0 v0xc64b10_0, 0, 8;
    %jmp T_5.27;
T_5.27 ;
T_5.1 ;
    %jmp T_5;
    .thread T_5, $push;
    .scope S_0xbdd300;
T_6 ;
    %wait E_0xc3d960;
    %load/v 8, v0xc67160_0, 2;
    %cmpi/u 8, 0, 2;
    %jmp/1 T_6.0, 6;
    %cmpi/u 8, 1, 2;
    %jmp/1 T_6.1, 6;
    %cmpi/u 8, 2, 2;
    %jmp/1 T_6.2, 6;
    %cmpi/u 8, 3, 2;
    %jmp/1 T_6.3, 6;
    %jmp T_6.4;
T_6.0 ;
    %load/v 8, v0xc68bc0_0, 18;
    %ix/load 0, 18, 0;
    %assign/v0 v0xc68d40_0, 0, 8;
    %jmp T_6.4;
T_6.1 ;
    %load/v 8, v0xc68bc0_0, 18;
    %load/v 26, v0xc68b10_0, 16;
    %mov 42, 0, 2;
    %ix/load 0, 2, 0;
    %mov 4, 0, 1;
    %shiftl/i0  26, 18;
    %add 8, 26, 18;
    %ix/load 0, 18, 0;
    %assign/v0 v0xc68d40_0, 0, 8;
    %jmp T_6.4;
T_6.2 ;
    %load/v 8, v0xc69400_0, 18; Only need 18 of 32 bits
; Save base=8 wid=18 in lookaside.
    %ix/load 0, 18, 0;
    %assign/v0 v0xc68d40_0, 0, 8;
    %jmp T_6.4;
T_6.3 ;
    %load/v 8, v0xc68b10_0, 16;
    %mov 24, 0, 2;
    %ix/load 0, 2, 0;
    %mov 4, 0, 1;
    %shiftl/i0  8, 18;
    %ix/load 0, 18, 0;
    %assign/v0 v0xc68d40_0, 0, 8;
    %jmp T_6.4;
T_6.4 ;
    %jmp T_6;
    .thread T_6, $push;
    .scope S_0xbdcd40;
T_7 ;
    %delay 500, 0;
    %load/v 8, v0xc6a910_0, 1;
    %inv 8, 1;
    %set/v v0xc6a910_0, 8, 1;
    %jmp T_7;
    .thread T_7;
    .scope S_0xbdcd40;
T_8 ;
    %delay 1000000, 0;
    %vpi_call 2 65 "$display", "================================================================================================================";
    %vpi_call 2 66 "$display", "--------------------------- (/`n`)/ ~#  There was something wrong with your code !! ---------------------------";
    %vpi_call 2 67 "$display", "------------------ The simulation can't finished!!, Please check Branch, Jtype or jr is work or not !!! -------";
    %vpi_call 2 68 "$display", "================================================================================================================";
    %vpi_call 2 69 "$finish";
    %end;
    .thread T_8;
    .scope S_0xbdcd40;
T_9 ;
    %vpi_call 2 76 "$display", "[ testfuxture1.v ] Rtype test START !!";
T_9.0 ;
    %load/v 8, v0xc6a730_0, 16;
    %mov 24, 0, 1;
    %cmpi/u 8, 31, 17;
    %cmpi/u 4, 1, 1;
    %inv 6, 1;
    %jmp/0xz T_9.1, 6;
    %wait E_0xbddea0;
    %jmp T_9.0;
T_9.1 ;
    %set/v v0xc6ac60_0, 0, 32;
T_9.2 ;
    %load/v 8, v0xc6ac60_0, 32;
   %cmpi/s 8, 10, 32;
    %jmp/0xz T_9.3, 5;
    %ix/getv/s 3, v0xc6ac60_0;
    %load/av 8, v0xc6abe0, 32;
    %ix/getv/s 3, v0xc6ac60_0;
    %load/av 40, v0xc69b20, 32;
    %cmp/u 8, 40, 32;
    %inv 4, 1;
    %jmp/0xz  T_9.4, 4;
    %vpi_call 2 80 "$display", "DM_data[%d] = %h  ERROR, EXPECT DM_data[%d]= %h ", v0xc6ac60_0, &A<v0xc69b20, v0xc6ac60_0 >, v0xc6ac60_0, &A<v0xc6abe0, v0xc6ac60_0 >;
    %set/v v0xc6aae0_0, 1, 1;
T_9.4 ;
    %ix/load 0, 1, 0;
    %load/vp0/s 8, v0xc6ac60_0, 32;
    %set/v v0xc6ac60_0, 8, 32;
    %jmp T_9.2;
T_9.3 ;
    %load/v 8, v0xc6aae0_0, 1;
    %jmp/0xz  T_9.6, 8;
    %vpi_call 2 85 "$display", "============================================================================================";
    %vpi_call 2 86 "$display", "\012 (T_T)  The Rtype result of DM_data is FAIL(include addi)!!! there have some errors in all.\012";
    %vpi_call 2 87 "$display", "============================================================================================";
    %vpi_call 2 88 "$finish";
    %jmp T_9.7;
T_9.6 ;
    %vpi_call 2 91 "$display", "============================================================================";
    %vpi_call 2 92 "$display", "\012 \134(^o^)/  The Rtype result of DM_data is PASS!!!\012";
    %vpi_call 2 93 "$display", "============================================================================";
T_9.7 ;
    %vpi_call 2 97 "$display", "[ testfuxture1.v ] Itype test START !!";
T_9.8 ;
    %load/v 8, v0xc6a730_0, 16;
    %mov 24, 0, 1;
    %cmpi/u 8, 42, 17;
    %cmpi/u 4, 1, 1;
    %inv 6, 1;
    %jmp/0xz T_9.9, 6;
    %wait E_0xbddea0;
    %jmp T_9.8;
T_9.9 ;
    %movi 8, 10, 32;
    %set/v v0xc6ac60_0, 8, 32;
T_9.10 ;
    %load/v 8, v0xc6ac60_0, 32;
   %cmpi/s 8, 15, 32;
    %jmp/0xz T_9.11, 5;
    %ix/getv/s 3, v0xc6ac60_0;
    %load/av 8, v0xc6abe0, 32;
    %ix/getv/s 3, v0xc6ac60_0;
    %load/av 40, v0xc69b20, 32;
    %cmp/u 8, 40, 32;
    %inv 4, 1;
    %jmp/0xz  T_9.12, 4;
    %vpi_call 2 101 "$display", "DM_data[%d] = %h  ERROR, EXPECT DM_data[%d]= %h ", v0xc6ac60_0, &A<v0xc69b20, v0xc6ac60_0 >, v0xc6ac60_0, &A<v0xc6abe0, v0xc6ac60_0 >;
    %set/v v0xc6a990_0, 1, 1;
T_9.12 ;
    %ix/load 0, 1, 0;
    %load/vp0/s 8, v0xc6ac60_0, 32;
    %set/v v0xc6ac60_0, 8, 32;
    %jmp T_9.10;
T_9.11 ;
    %load/v 8, v0xc6a990_0, 1;
    %jmp/0xz  T_9.14, 8;
    %vpi_call 2 106 "$display", "============================================================================================";
    %vpi_call 2 107 "$display", "\012 (T_T)  The Itype result of DM_data is FAIL!!! there have some errors in all.\012";
    %vpi_call 2 108 "$display", "============================================================================================";
    %vpi_call 2 109 "$finish";
    %jmp T_9.15;
T_9.14 ;
    %vpi_call 2 112 "$display", "============================================================================";
    %vpi_call 2 113 "$display", "\012 \134(^o^)/  The Itype result of DM_data is PASS!!!\012";
    %vpi_call 2 114 "$display", "============================================================================";
T_9.15 ;
    %vpi_call 2 118 "$display", "[ testfuxture1.v ] Jtype test START !!";
T_9.16 ;
    %load/v 8, v0xc6a730_0, 16;
    %mov 24, 0, 1;
    %cmpi/u 8, 44, 17;
    %cmpi/u 4, 1, 1;
    %inv 6, 1;
    %jmp/0xz T_9.17, 6;
    %wait E_0xbddea0;
    %jmp T_9.16;
T_9.17 ;
    %delay 2000, 0;
    %load/v 8, v0xc6a730_0, 16;
    %mov 24, 0, 1;
   %cmpi/u 8, 51, 17;
    %jmp/0xz  T_9.18, 5;
    %set/v v0xc6aa60_0, 1, 1;
T_9.18 ;
    %delay 4000, 0;
    %movi 8, 54, 17;
    %load/v 25, v0xc6a730_0, 16;
    %mov 41, 0, 1;
    %cmp/u 8, 25, 17;
    %jmp/0xz  T_9.20, 5;
    %set/v v0xc6aa60_0, 1, 1;
T_9.20 ;
    %load/v 8, v0xc6aa60_0, 1;
    %jmp/0xz  T_9.22, 8;
    %vpi_call 2 127 "$display", "============================================================================================";
    %vpi_call 2 128 "$display", "\012 (T_T) The Jtype or Jr result of DM_data is FAIL!!! there have some errors in all.\012";
    %vpi_call 2 129 "$display", "============================================================================================";
    %vpi_call 2 130 "$finish";
T_9.22 ;
T_9.24 ;
    %load/v 8, v0xc6a730_0, 16;
    %mov 24, 0, 1;
    %cmpi/u 8, 60, 17;
    %cmpi/u 4, 1, 1;
    %inv 6, 1;
    %jmp/0xz T_9.25, 6;
    %wait E_0xbddea0;
    %jmp T_9.24;
T_9.25 ;
    %vpi_call 2 133 "$display", "============================================================================";
    %vpi_call 2 134 "$display", "\012 \134(^o^)/  The Jtype result of DM_data is PASS!!!\012";
    %vpi_call 2 135 "$display", "============================================================================";
    %vpi_call 2 136 "$display", "\012";
    %vpi_call 2 137 "$display", "        Single Cycle CPU\011\011\011\011            ";
    %vpi_call 2 138 "$display", "        ****************************              ";
    %vpi_call 2 139 "$display", "        **                        **       /|__/|";
    %vpi_call 2 140 "$display", "        **  Congratulations !!    **      / O,O  |";
    %vpi_call 2 141 "$display", "        **                        **    /_____   |";
    %vpi_call 2 142 "$display", "        **  Simulation PASS!!     **   /^ ^ ^ \134  |";
    %vpi_call 2 143 "$display", "        **                        **  |^ ^ ^ ^ |w|";
    %vpi_call 2 144 "$display", "        *************** ************   \134m___m__|_|";
    %vpi_call 2 145 "$display", "         student ID :  F74046242                   ";
    %vpi_call 2 146 "$display", "\012";
    %vpi_call 2 147 "$finish";
    %end;
    .thread T_9;
    .scope S_0xbdcd40;
T_10 ;
    %set/v v0xc6a910_0, 0, 1;
    %set/v v0xc6ad00_0, 0, 1;
    %set/v v0xc6aae0_0, 0, 1;
    %set/v v0xc6a990_0, 0, 1;
    %set/v v0xc6aa60_0, 0, 1;
    %vpi_call 2 157 "$readmemh", "./tb1/IM_data.dat", v0xc6a0d0;
    %vpi_call 2 158 "$readmemh", "./tb1/golden_DM.dat", v0xc6abe0;
    %delay 600, 0;
    %set/v v0xc6ad00_0, 1, 1;
    %delay 1000, 0;
    %set/v v0xc6ad00_0, 0, 1;
    %end;
    .thread T_10;
    .scope S_0xbdcd40;
T_11 ;
    %vpi_call 2 165 "$dumpfile", "top.vcd";
    %vpi_call 2 166 "$dumpvars";
    %end;
    .thread T_11;
# The file index is used to find the file name in the following table.
:file_names 11;
    "N/A";
    "<interactive>";
    "testfixture1.v";
    "IM.v";
    "DM.v";
    "top.v";
    "PC.v";
    "Regfile.v";
    "Jump_Ctrl.v";
    "ALU.v";
    "Controller.v";
